
> deploy
> shopify app deploy --allow-updates

╭─ info ───────────────────────────────────────────────────────────────────────╮
│                                                                              │
│  Using .env for default values:                                              │
│                                                                              │
│    • Org:             Codikodev                                              │
│    • App:             empowered-deal-app                                     │
│                                                                              │
│   You can pass `--reset` to your command to reset your app configuration.    │
│                                                                              │
╰──────────────────────────────────────────────────────────────────────────────╯


Releasing a new app version as part of empowered-deal-app

         gift-cart-widget │ Running theme check on your Theme app extension...

[2K[1A[2K[G         gift-cart-widget │ Bundling theme extension gift-cart-widget...

▁▁▂▂▃▃▄▄▅▅▆▆▇▇██▇▇▆▆▅▅▄▄▃▃▂▂▁▁▁▁▂▂▃▃▄▄▅▅▆▆▇▇██▇▇▆▆▅▅▄▄▃▃▂▂▁▁▁▁▂▂▃▃▄▄▅▅▆▆▇▇██▇▇▆▆
▅▅▄▄▃▃▂▂▁▁
Running validation ...
[2K[1A[2K[1A[2K[1A[2K[G▁▁▁▂▂▃▃▄▄▅▅▆▆▇▇██▇▇▆▆▅▅▄▄▃▃▂▂▁▁▁▁▂▂▃▃▄▄▅▅▆▆▇▇██▇▇▆▆▅▅▄▄▃▃▂▂▁▁▁▁▂▂▃▃▄▄▅▅▆▆▇▇██▇▇▆
Releasing an app version ...
[2K[1A[2K[1A[2K[G▁▁▁▁▂▂▃▃▄▄▅▅▆▆▇▇██▇▇▆▆▅▅▄▄▃▃▂▂▁▁▁▁▂▂▃▃▄▄▅▅▆▆▇▇██▇▇▆▆▅▅▄▄▃▃▂▂▁▁▁▁▂▂▃▃▄▄▅▅▆▆▇▇██▇▇
Releasing an app version ...
[2K[1A[2K[1A[2K[G▂▁▁▁▁▂▂▃▃▄▄▅▅▆▆▇▇██▇▇▆▆▅▅▄▄▃▃▂▂▁▁▁▁▂▂▃▃▄▄▅▅▆▆▇▇██▇▇▆▆▅▅▄▄▃▃▂▂▁▁▁▁▂▂▃▃▄▄▅▅▆▆▇▇██▇
Releasing an app version ...
[2K[1A[2K[1A[2K[G▂▂▁▁▁▁▂▂▃▃▄▄▅▅▆▆▇▇██▇▇▆▆▅▅▄▄▃▃▂▂▁▁▁▁▂▂▃▃▄▄▅▅▆▆▇▇██▇▇▆▆▅▅▄▄▃▃▂▂▁▁▁▁▂▂▃▃▄▄▅▅▆▆▇▇██
Releasing an app version ...
[2K[1A[2K[1A[2K[G▃▂▂▁▁▁▁▂▂▃▃▄▄▅▅▆▆▇▇██▇▇▆▆▅▅▄▄▃▃▂▂▁▁▁▁▂▂▃▃▄▄▅▅▆▆▇▇██▇▇▆▆▅▅▄▄▃▃▂▂▁▁▁▁▂▂▃▃▄▄▅▅▆▆▇▇█
Releasing an app version ...
[2K[1A[2K[1A[2K[G▃▃▂▂▁▁▁▁▂▂▃▃▄▄▅▅▆▆▇▇██▇▇▆▆▅▅▄▄▃▃▂▂▁▁▁▁▂▂▃▃▄▄▅▅▆▆▇▇██▇▇▆▆▅▅▄▄▃▃▂▂▁▁▁▁▂▂▃▃▄▄▅▅▆▆▇▇
Releasing an app version ...
[2K[1A[2K[1A[2K[G▄▃▃▂▂▁▁▁▁▂▂▃▃▄▄▅▅▆▆▇▇██▇▇▆▆▅▅▄▄▃▃▂▂▁▁▁▁▂▂▃▃▄▄▅▅▆▆▇▇██▇▇▆▆▅▅▄▄▃▃▂▂▁▁▁▁▂▂▃▃▄▄▅▅▆▆▇
Releasing an app version ...
[2K[1A[2K[1A[2K[G▄▄▃▃▂▂▁▁▁▁▂▂▃▃▄▄▅▅▆▆▇▇██▇▇▆▆▅▅▄▄▃▃▂▂▁▁▁▁▂▂▃▃▄▄▅▅▆▆▇▇██▇▇▆▆▅▅▄▄▃▃▂▂▁▁▁▁▂▂▃▃▄▄▅▅▆▆
Releasing an app version ...
[2K[1A[2K[1A[2K[G▅▄▄▃▃▂▂▁▁▁▁▂▂▃▃▄▄▅▅▆▆▇▇██▇▇▆▆▅▅▄▄▃▃▂▂▁▁▁▁▂▂▃▃▄▄▅▅▆▆▇▇██▇▇▆▆▅▅▄▄▃▃▂▂▁▁▁▁▂▂▃▃▄▄▅▅▆
Releasing an app version ...
[2K[1A[2K[1A[2K[G▅▅▄▄▃▃▂▂▁▁▁▁▂▂▃▃▄▄▅▅▆▆▇▇██▇▇▆▆▅▅▄▄▃▃▂▂▁▁▁▁▂▂▃▃▄▄▅▅▆▆▇▇██▇▇▆▆▅▅▄▄▃▃▂▂▁▁▁▁▂▂▃▃▄▄▅▅
Releasing an app version ...
[2K[1A[2K[1A[2K[G▆▅▅▄▄▃▃▂▂▁▁▁▁▂▂▃▃▄▄▅▅▆▆▇▇██▇▇▆▆▅▅▄▄▃▃▂▂▁▁▁▁▂▂▃▃▄▄▅▅▆▆▇▇██▇▇▆▆▅▅▄▄▃▃▂▂▁▁▁▁▂▂▃▃▄▄▅
Releasing an app version ...
[2K[1A[2K[1A[2K[G▆▆▅▅▄▄▃▃▂▂▁▁▁▁▂▂▃▃▄▄▅▅▆▆▇▇██▇▇▆▆▅▅▄▄▃▃▂▂▁▁▁▁▂▂▃▃▄▄▅▅▆▆▇▇██▇▇▆▆▅▅▄▄▃▃▂▂▁▁▁▁▂▂▃▃▄▄
Releasing an app version ...
[2K[1A[2K[1A[2K[G▇▆▆▅▅▄▄▃▃▂▂▁▁▁▁▂▂▃▃▄▄▅▅▆▆▇▇██▇▇▆▆▅▅▄▄▃▃▂▂▁▁▁▁▂▂▃▃▄▄▅▅▆▆▇▇██▇▇▆▆▅▅▄▄▃▃▂▂▁▁▁▁▂▂▃▃▄
Releasing an app version ...
[2K[1A[2K[1A[2K[G▇▇▆▆▅▅▄▄▃▃▂▂▁▁▁▁▂▂▃▃▄▄▅▅▆▆▇▇██▇▇▆▆▅▅▄▄▃▃▂▂▁▁▁▁▂▂▃▃▄▄▅▅▆▆▇▇██▇▇▆▆▅▅▄▄▃▃▂▂▁▁▁▁▂▂▃▃
Releasing an app version ...
[2K[1A[2K[1A[2K[G█▇▇▆▆▅▅▄▄▃▃▂▂▁▁▁▁▂▂▃▃▄▄▅▅▆▆▇▇██▇▇▆▆▅▅▄▄▃▃▂▂▁▁▁▁▂▂▃▃▄▄▅▅▆▆▇▇██▇▇▆▆▅▅▄▄▃▃▂▂▁▁▁▁▂▂▃
Releasing an app version ...
[2K[1A[2K[1A[2K[G██▇▇▆▆▅▅▄▄▃▃▂▂▁▁▁▁▂▂▃▃▄▄▅▅▆▆▇▇██▇▇▆▆▅▅▄▄▃▃▂▂▁▁▁▁▂▂▃▃▄▄▅▅▆▆▇▇██▇▇▆▆▅▅▄▄▃▃▂▂▁▁▁▁▂▂
Releasing an app version ...
[2K[1A[2K[1A[2K[G▇██▇▇▆▆▅▅▄▄▃▃▂▂▁▁▁▁▂▂▃▃▄▄▅▅▆▆▇▇██▇▇▆▆▅▅▄▄▃▃▂▂▁▁▁▁▂▂▃▃▄▄▅▅▆▆▇▇██▇▇▆▆▅▅▄▄▃▃▂▂▁▁▁▁▂
Releasing an app version ...
[2K[1A[2K[1A[2K[G▇▇██▇▇▆▆▅▅▄▄▃▃▂▂▁▁▁▁▂▂▃▃▄▄▅▅▆▆▇▇██▇▇▆▆▅▅▄▄▃▃▂▂▁▁▁▁▂▂▃▃▄▄▅▅▆▆▇▇██▇▇▆▆▅▅▄▄▃▃▂▂▁▁▁▁
Releasing an app version ...
[2K[1A[2K[1A[2K[G▆▇▇██▇▇▆▆▅▅▄▄▃▃▂▂▁▁▁▁▂▂▃▃▄▄▅▅▆▆▇▇██▇▇▆▆▅▅▄▄▃▃▂▂▁▁▁▁▂▂▃▃▄▄▅▅▆▆▇▇██▇▇▆▆▅▅▄▄▃▃▂▂▁▁▁
Releasing an app version ...
[2K[1A[2K[1A[2K[G▆▆▇▇██▇▇▆▆▅▅▄▄▃▃▂▂▁▁▁▁▂▂▃▃▄▄▅▅▆▆▇▇██▇▇▆▆▅▅▄▄▃▃▂▂▁▁▁▁▂▂▃▃▄▄▅▅▆▆▇▇██▇▇▆▆▅▅▄▄▃▃▂▂▁▁
Releasing an app version ...
[2K[1A[2K[1A[2K[G▅▆▆▇▇██▇▇▆▆▅▅▄▄▃▃▂▂▁▁▁▁▂▂▃▃▄▄▅▅▆▆▇▇██▇▇▆▆▅▅▄▄▃▃▂▂▁▁▁▁▂▂▃▃▄▄▅▅▆▆▇▇██▇▇▆▆▅▅▄▄▃▃▂▂▁
Releasing an app version ...
[2K[1A[2K[1A[2K[G▅▅▆▆▇▇██▇▇▆▆▅▅▄▄▃▃▂▂▁▁▁▁▂▂▃▃▄▄▅▅▆▆▇▇██▇▇▆▆▅▅▄▄▃▃▂▂▁▁▁▁▂▂▃▃▄▄▅▅▆▆▇▇██▇▇▆▆▅▅▄▄▃▃▂▂
Releasing an app version ...
[2K[1A[2K[1A[2K[G▄▅▅▆▆▇▇██▇▇▆▆▅▅▄▄▃▃▂▂▁▁▁▁▂▂▃▃▄▄▅▅▆▆▇▇██▇▇▆▆▅▅▄▄▃▃▂▂▁▁▁▁▂▂▃▃▄▄▅▅▆▆▇▇██▇▇▆▆▅▅▄▄▃▃▂
Releasing an app version ...
[2K[1A[2K[1A[2K[G▄▄▅▅▆▆▇▇██▇▇▆▆▅▅▄▄▃▃▂▂▁▁▁▁▂▂▃▃▄▄▅▅▆▆▇▇██▇▇▆▆▅▅▄▄▃▃▂▂▁▁▁▁▂▂▃▃▄▄▅▅▆▆▇▇██▇▇▆▆▅▅▄▄▃▃
Releasing an app version ...
[2K[1A[2K[1A[2K[G▃▄▄▅▅▆▆▇▇██▇▇▆▆▅▅▄▄▃▃▂▂▁▁▁▁▂▂▃▃▄▄▅▅▆▆▇▇██▇▇▆▆▅▅▄▄▃▃▂▂▁▁▁▁▂▂▃▃▄▄▅▅▆▆▇▇██▇▇▆▆▅▅▄▄▃
Releasing an app version ...
[2K[1A[2K[1A[2K[G▃▃▄▄▅▅▆▆▇▇██▇▇▆▆▅▅▄▄▃▃▂▂▁▁▁▁▂▂▃▃▄▄▅▅▆▆▇▇██▇▇▆▆▅▅▄▄▃▃▂▂▁▁▁▁▂▂▃▃▄▄▅▅▆▆▇▇██▇▇▆▆▅▅▄▄
Releasing an app version ...
[2K[1A[2K[1A[2K[G▂▃▃▄▄▅▅▆▆▇▇██▇▇▆▆▅▅▄▄▃▃▂▂▁▁▁▁▂▂▃▃▄▄▅▅▆▆▇▇██▇▇▆▆▅▅▄▄▃▃▂▂▁▁▁▁▂▂▃▃▄▄▅▅▆▆▇▇██▇▇▆▆▅▅▄
Releasing an app version ...
[2K[1A[2K[1A[2K[G▂▂▃▃▄▄▅▅▆▆▇▇██▇▇▆▆▅▅▄▄▃▃▂▂▁▁▁▁▂▂▃▃▄▄▅▅▆▆▇▇██▇▇▆▆▅▅▄▄▃▃▂▂▁▁▁▁▂▂▃▃▄▄▅▅▆▆▇▇██▇▇▆▆▅▅
Releasing an app version ...
[2K[1A[2K[1A[2K[G▁▂▂▃▃▄▄▅▅▆▆▇▇██▇▇▆▆▅▅▄▄▃▃▂▂▁▁▁▁▂▂▃▃▄▄▅▅▆▆▇▇██▇▇▆▆▅▅▄▄▃▃▂▂▁▁▁▁▂▂▃▃▄▄▅▅▆▆▇▇██▇▇▆▆▅
Releasing an app version ...
[2K[1A[2K[1A[2K[G▁▁▂▂▃▃▄▄▅▅▆▆▇▇██▇▇▆▆▅▅▄▄▃▃▂▂▁▁▁▁▂▂▃▃▄▄▅▅▆▆▇▇██▇▇▆▆▅▅▄▄▃▃▂▂▁▁▁▁▂▂▃▃▄▄▅▅▆▆▇▇██▇▇▆▆
Releasing an app version ...
[2K[1A[2K[1A[2K[G▁▁▁▂▂▃▃▄▄▅▅▆▆▇▇██▇▇▆▆▅▅▄▄▃▃▂▂▁▁▁▁▂▂▃▃▄▄▅▅▆▆▇▇██▇▇▆▆▅▅▄▄▃▃▂▂▁▁▁▁▂▂▃▃▄▄▅▅▆▆▇▇██▇▇▆
Releasing an app version ...
[2K[1A[2K[1A[2K[G▁▁▁▁▂▂▃▃▄▄▅▅▆▆▇▇██▇▇▆▆▅▅▄▄▃▃▂▂▁▁▁▁▂▂▃▃▄▄▅▅▆▆▇▇██▇▇▆▆▅▅▄▄▃▃▂▂▁▁▁▁▂▂▃▃▄▄▅▅▆▆▇▇██▇▇
Releasing an app version ...
[2K[1A[2K[1A[2K[G▂▁▁▁▁▂▂▃▃▄▄▅▅▆▆▇▇██▇▇▆▆▅▅▄▄▃▃▂▂▁▁▁▁▂▂▃▃▄▄▅▅▆▆▇▇██▇▇▆▆▅▅▄▄▃▃▂▂▁▁▁▁▂▂▃▃▄▄▅▅▆▆▇▇██▇
Releasing an app version ...
[2K[1A[2K[1A[2K[G▂▂▁▁▁▁▂▂▃▃▄▄▅▅▆▆▇▇██▇▇▆▆▅▅▄▄▃▃▂▂▁▁▁▁▂▂▃▃▄▄▅▅▆▆▇▇██▇▇▆▆▅▅▄▄▃▃▂▂▁▁▁▁▂▂▃▃▄▄▅▅▆▆▇▇██
Releasing an app version ...
[2K[1A[2K[1A[2K[G▃▂▂▁▁▁▁▂▂▃▃▄▄▅▅▆▆▇▇██▇▇▆▆▅▅▄▄▃▃▂▂▁▁▁▁▂▂▃▃▄▄▅▅▆▆▇▇██▇▇▆▆▅▅▄▄▃▃▂▂▁▁▁▁▂▂▃▃▄▄▅▅▆▆▇▇█
Releasing an app version ...
[2K[1A[2K[1A[2K[G▃▃▂▂▁▁▁▁▂▂▃▃▄▄▅▅▆▆▇▇██▇▇▆▆▅▅▄▄▃▃▂▂▁▁▁▁▂▂▃▃▄▄▅▅▆▆▇▇██▇▇▆▆▅▅▄▄▃▃▂▂▁▁▁▁▂▂▃▃▄▄▅▅▆▆▇▇
Releasing an app version ...
[2K[1A[2K[1A[2K[G▄▃▃▂▂▁▁▁▁▂▂▃▃▄▄▅▅▆▆▇▇██▇▇▆▆▅▅▄▄▃▃▂▂▁▁▁▁▂▂▃▃▄▄▅▅▆▆▇▇██▇▇▆▆▅▅▄▄▃▃▂▂▁▁▁▁▂▂▃▃▄▄▅▅▆▆▇
Releasing an app version ...
[2K[1A[2K[1A[2K[G▄▄▃▃▂▂▁▁▁▁▂▂▃▃▄▄▅▅▆▆▇▇██▇▇▆▆▅▅▄▄▃▃▂▂▁▁▁▁▂▂▃▃▄▄▅▅▆▆▇▇██▇▇▆▆▅▅▄▄▃▃▂▂▁▁▁▁▂▂▃▃▄▄▅▅▆▆
Releasing an app version ...
[2K[1A[2K[1A[2K[G▅▄▄▃▃▂▂▁▁▁▁▂▂▃▃▄▄▅▅▆▆▇▇██▇▇▆▆▅▅▄▄▃▃▂▂▁▁▁▁▂▂▃▃▄▄▅▅▆▆▇▇██▇▇▆▆▅▅▄▄▃▃▂▂▁▁▁▁▂▂▃▃▄▄▅▅▆
Releasing an app version ...
[2K[1A[2K[1A[2K[G▅▅▄▄▃▃▂▂▁▁▁▁▂▂▃▃▄▄▅▅▆▆▇▇██▇▇▆▆▅▅▄▄▃▃▂▂▁▁▁▁▂▂▃▃▄▄▅▅▆▆▇▇██▇▇▆▆▅▅▄▄▃▃▂▂▁▁▁▁▂▂▃▃▄▄▅▅
Releasing an app version ...
[2K[1A[2K[1A[2K[G▆▅▅▄▄▃▃▂▂▁▁▁▁▂▂▃▃▄▄▅▅▆▆▇▇██▇▇▆▆▅▅▄▄▃▃▂▂▁▁▁▁▂▂▃▃▄▄▅▅▆▆▇▇██▇▇▆▆▅▅▄▄▃▃▂▂▁▁▁▁▂▂▃▃▄▄▅
Releasing an app version ...
[2K[1A[2K[1A[2K[G▆▆▅▅▄▄▃▃▂▂▁▁▁▁▂▂▃▃▄▄▅▅▆▆▇▇██▇▇▆▆▅▅▄▄▃▃▂▂▁▁▁▁▂▂▃▃▄▄▅▅▆▆▇▇██▇▇▆▆▅▅▄▄▃▃▂▂▁▁▁▁▂▂▃▃▄▄
Releasing an app version ...
[2K[1A[2K[1A[2K[G▇▆▆▅▅▄▄▃▃▂▂▁▁▁▁▂▂▃▃▄▄▅▅▆▆▇▇██▇▇▆▆▅▅▄▄▃▃▂▂▁▁▁▁▂▂▃▃▄▄▅▅▆▆▇▇██▇▇▆▆▅▅▄▄▃▃▂▂▁▁▁▁▂▂▃▃▄
Releasing an app version ...
[2K[1A[2K[1A[2K[G▇▇▆▆▅▅▄▄▃▃▂▂▁▁▁▁▂▂▃▃▄▄▅▅▆▆▇▇██▇▇▆▆▅▅▄▄▃▃▂▂▁▁▁▁▂▂▃▃▄▄▅▅▆▆▇▇██▇▇▆▆▅▅▄▄▃▃▂▂▁▁▁▁▂▂▃▃
Releasing an app version ...
[2K[1A[2K[1A[2K[G█▇▇▆▆▅▅▄▄▃▃▂▂▁▁▁▁▂▂▃▃▄▄▅▅▆▆▇▇██▇▇▆▆▅▅▄▄▃▃▂▂▁▁▁▁▂▂▃▃▄▄▅▅▆▆▇▇██▇▇▆▆▅▅▄▄▃▃▂▂▁▁▁▁▂▂▃
Releasing an app version ...
[2K[1A[2K[1A[2K[G██▇▇▆▆▅▅▄▄▃▃▂▂▁▁▁▁▂▂▃▃▄▄▅▅▆▆▇▇██▇▇▆▆▅▅▄▄▃▃▂▂▁▁▁▁▂▂▃▃▄▄▅▅▆▆▇▇██▇▇▆▆▅▅▄▄▃▃▂▂▁▁▁▁▂▂
Releasing an app version ...
[2K[1A[2K[1A[2K[G▇██▇▇▆▆▅▅▄▄▃▃▂▂▁▁▁▁▂▂▃▃▄▄▅▅▆▆▇▇██▇▇▆▆▅▅▄▄▃▃▂▂▁▁▁▁▂▂▃▃▄▄▅▅▆▆▇▇██▇▇▆▆▅▅▄▄▃▃▂▂▁▁▁▁▂
Releasing an app version ...
[2K[1A[2K[1A[2K[G▇▇██▇▇▆▆▅▅▄▄▃▃▂▂▁▁▁▁▂▂▃▃▄▄▅▅▆▆▇▇██▇▇▆▆▅▅▄▄▃▃▂▂▁▁▁▁▂▂▃▃▄▄▅▅▆▆▇▇██▇▇▆▆▅▅▄▄▃▃▂▂▁▁▁▁
Releasing an app version ...
[2K[1A[2K[1A[2K[G▆▇▇██▇▇▆▆▅▅▄▄▃▃▂▂▁▁▁▁▂▂▃▃▄▄▅▅▆▆▇▇██▇▇▆▆▅▅▄▄▃▃▂▂▁▁▁▁▂▂▃▃▄▄▅▅▆▆▇▇██▇▇▆▆▅▅▄▄▃▃▂▂▁▁▁
Releasing an app version ...
[2K[1A[2K[1A[2K[G▆▆▇▇██▇▇▆▆▅▅▄▄▃▃▂▂▁▁▁▁▂▂▃▃▄▄▅▅▆▆▇▇██▇▇▆▆▅▅▄▄▃▃▂▂▁▁▁▁▂▂▃▃▄▄▅▅▆▆▇▇██▇▇▆▆▅▅▄▄▃▃▂▂▁▁
Releasing an app version ...
[2K[1A[2K[1A[2K[G▅▆▆▇▇██▇▇▆▆▅▅▄▄▃▃▂▂▁▁▁▁▂▂▃▃▄▄▅▅▆▆▇▇██▇▇▆▆▅▅▄▄▃▃▂▂▁▁▁▁▂▂▃▃▄▄▅▅▆▆▇▇██▇▇▆▆▅▅▄▄▃▃▂▂▁
Releasing an app version ...
[2K[1A[2K[1A[2K[G▅▅▆▆▇▇██▇▇▆▆▅▅▄▄▃▃▂▂▁▁▁▁▂▂▃▃▄▄▅▅▆▆▇▇██▇▇▆▆▅▅▄▄▃▃▂▂▁▁▁▁▂▂▃▃▄▄▅▅▆▆▇▇██▇▇▆▆▅▅▄▄▃▃▂▂
Releasing an app version ...
[2K[1A[2K[1A[2K[G▄▅▅▆▆▇▇██▇▇▆▆▅▅▄▄▃▃▂▂▁▁▁▁▂▂▃▃▄▄▅▅▆▆▇▇██▇▇▆▆▅▅▄▄▃▃▂▂▁▁▁▁▂▂▃▃▄▄▅▅▆▆▇▇██▇▇▆▆▅▅▄▄▃▃▂
Releasing an app version ...
[2K[1A[2K[1A[2K[G▄▄▅▅▆▆▇▇██▇▇▆▆▅▅▄▄▃▃▂▂▁▁▁▁▂▂▃▃▄▄▅▅▆▆▇▇██▇▇▆▆▅▅▄▄▃▃▂▂▁▁▁▁▂▂▃▃▄▄▅▅▆▆▇▇██▇▇▆▆▅▅▄▄▃▃
Releasing an app version ...
[2K[1A[2K[1A[2K[G▃▄▄▅▅▆▆▇▇██▇▇▆▆▅▅▄▄▃▃▂▂▁▁▁▁▂▂▃▃▄▄▅▅▆▆▇▇██▇▇▆▆▅▅▄▄▃▃▂▂▁▁▁▁▂▂▃▃▄▄▅▅▆▆▇▇██▇▇▆▆▅▅▄▄▃
Releasing an app version ...
[2K[1A[2K[1A[2K[G▃▃▄▄▅▅▆▆▇▇██▇▇▆▆▅▅▄▄▃▃▂▂▁▁▁▁▂▂▃▃▄▄▅▅▆▆▇▇██▇▇▆▆▅▅▄▄▃▃▂▂▁▁▁▁▂▂▃▃▄▄▅▅▆▆▇▇██▇▇▆▆▅▅▄▄
Releasing an app version ...
[2K[1A[2K[1A[2K[G▂▃▃▄▄▅▅▆▆▇▇██▇▇▆▆▅▅▄▄▃▃▂▂▁▁▁▁▂▂▃▃▄▄▅▅▆▆▇▇██▇▇▆▆▅▅▄▄▃▃▂▂▁▁▁▁▂▂▃▃▄▄▅▅▆▆▇▇██▇▇▆▆▅▅▄
Releasing an app version ...
[2K[1A[2K[1A[2K[G▂▂▃▃▄▄▅▅▆▆▇▇██▇▇▆▆▅▅▄▄▃▃▂▂▁▁▁▁▂▂▃▃▄▄▅▅▆▆▇▇██▇▇▆▆▅▅▄▄▃▃▂▂▁▁▁▁▂▂▃▃▄▄▅▅▆▆▇▇██▇▇▆▆▅▅
Releasing an app version ...
[2K[1A[2K[1A[2K[G▁▂▂▃▃▄▄▅▅▆▆▇▇██▇▇▆▆▅▅▄▄▃▃▂▂▁▁▁▁▂▂▃▃▄▄▅▅▆▆▇▇██▇▇▆▆▅▅▄▄▃▃▂▂▁▁▁▁▂▂▃▃▄▄▅▅▆▆▇▇██▇▇▆▆▅
Releasing an app version ...
[2K[1A[2K[1A[2K[G▁▁▂▂▃▃▄▄▅▅▆▆▇▇██▇▇▆▆▅▅▄▄▃▃▂▂▁▁▁▁▂▂▃▃▄▄▅▅▆▆▇▇██▇▇▆▆▅▅▄▄▃▃▂▂▁▁▁▁▂▂▃▃▄▄▅▅▆▆▇▇██▇▇▆▆
Releasing an app version ...
[2K[1A[2K[1A[2K[G▁▁▁▂▂▃▃▄▄▅▅▆▆▇▇██▇▇▆▆▅▅▄▄▃▃▂▂▁▁▁▁▂▂▃▃▄▄▅▅▆▆▇▇██▇▇▆▆▅▅▄▄▃▃▂▂▁▁▁▁▂▂▃▃▄▄▅▅▆▆▇▇██▇▇▆
Releasing an app version ...
[2K[1A[2K[1A[2K[G▁▁▁▁▂▂▃▃▄▄▅▅▆▆▇▇██▇▇▆▆▅▅▄▄▃▃▂▂▁▁▁▁▂▂▃▃▄▄▅▅▆▆▇▇██▇▇▆▆▅▅▄▄▃▃▂▂▁▁▁▁▂▂▃▃▄▄▅▅▆▆▇▇██▇▇
Releasing an app version ...
[2K[1A[2K[1A[2K[G▂▁▁▁▁▂▂▃▃▄▄▅▅▆▆▇▇██▇▇▆▆▅▅▄▄▃▃▂▂▁▁▁▁▂▂▃▃▄▄▅▅▆▆▇▇██▇▇▆▆▅▅▄▄▃▃▂▂▁▁▁▁▂▂▃▃▄▄▅▅▆▆▇▇██▇
Releasing an app version ...
[2K[1A[2K[1A[2K[G▂▂▁▁▁▁▂▂▃▃▄▄▅▅▆▆▇▇██▇▇▆▆▅▅▄▄▃▃▂▂▁▁▁▁▂▂▃▃▄▄▅▅▆▆▇▇██▇▇▆▆▅▅▄▄▃▃▂▂▁▁▁▁▂▂▃▃▄▄▅▅▆▆▇▇██
Releasing an app version ...
[2K[1A[2K[1A[2K[G▃▂▂▁▁▁▁▂▂▃▃▄▄▅▅▆▆▇▇██▇▇▆▆▅▅▄▄▃▃▂▂▁▁▁▁▂▂▃▃▄▄▅▅▆▆▇▇██▇▇▆▆▅▅▄▄▃▃▂▂▁▁▁▁▂▂▃▃▄▄▅▅▆▆▇▇█
Releasing an app version ...
[2K[1A[2K[1A[2K[G▃▃▂▂▁▁▁▁▂▂▃▃▄▄▅▅▆▆▇▇██▇▇▆▆▅▅▄▄▃▃▂▂▁▁▁▁▂▂▃▃▄▄▅▅▆▆▇▇██▇▇▆▆▅▅▄▄▃▃▂▂▁▁▁▁▂▂▃▃▄▄▅▅▆▆▇▇
Releasing an app version ...
[2K[1A[2K[1A[2K[G▄▃▃▂▂▁▁▁▁▂▂▃▃▄▄▅▅▆▆▇▇██▇▇▆▆▅▅▄▄▃▃▂▂▁▁▁▁▂▂▃▃▄▄▅▅▆▆▇▇██▇▇▆▆▅▅▄▄▃▃▂▂▁▁▁▁▂▂▃▃▄▄▅▅▆▆▇
Releasing an app version ...
[2K[1A[2K[1A[2K[G▄▄▃▃▂▂▁▁▁▁▂▂▃▃▄▄▅▅▆▆▇▇██▇▇▆▆▅▅▄▄▃▃▂▂▁▁▁▁▂▂▃▃▄▄▅▅▆▆▇▇██▇▇▆▆▅▅▄▄▃▃▂▂▁▁▁▁▂▂▃▃▄▄▅▅▆▆
Releasing an app version ...
[2K[1A[2K[1A[2K[G▅▄▄▃▃▂▂▁▁▁▁▂▂▃▃▄▄▅▅▆▆▇▇██▇▇▆▆▅▅▄▄▃▃▂▂▁▁▁▁▂▂▃▃▄▄▅▅▆▆▇▇██▇▇▆▆▅▅▄▄▃▃▂▂▁▁▁▁▂▂▃▃▄▄▅▅▆
Releasing an app version ...
[2K[1A[2K[1A[2K[G▅▅▄▄▃▃▂▂▁▁▁▁▂▂▃▃▄▄▅▅▆▆▇▇██▇▇▆▆▅▅▄▄▃▃▂▂▁▁▁▁▂▂▃▃▄▄▅▅▆▆▇▇██▇▇▆▆▅▅▄▄▃▃▂▂▁▁▁▁▂▂▃▃▄▄▅▅
Releasing an app version ...
[2K[1A[2K[1A[2K[G▆▅▅▄▄▃▃▂▂▁▁▁▁▂▂▃▃▄▄▅▅▆▆▇▇██▇▇▆▆▅▅▄▄▃▃▂▂▁▁▁▁▂▂▃▃▄▄▅▅▆▆▇▇██▇▇▆▆▅▅▄▄▃▃▂▂▁▁▁▁▂▂▃▃▄▄▅
Releasing an app version ...
[2K[1A[2K[1A[2K[G▆▆▅▅▄▄▃▃▂▂▁▁▁▁▂▂▃▃▄▄▅▅▆▆▇▇██▇▇▆▆▅▅▄▄▃▃▂▂▁▁▁▁▂▂▃▃▄▄▅▅▆▆▇▇██▇▇▆▆▅▅▄▄▃▃▂▂▁▁▁▁▂▂▃▃▄▄
Releasing an app version ...
[2K[1A[2K[1A[2K[G▇▆▆▅▅▄▄▃▃▂▂▁▁▁▁▂▂▃▃▄▄▅▅▆▆▇▇██▇▇▆▆▅▅▄▄▃▃▂▂▁▁▁▁▂▂▃▃▄▄▅▅▆▆▇▇██▇▇▆▆▅▅▄▄▃▃▂▂▁▁▁▁▂▂▃▃▄
Releasing an app version ...
[2K[1A[2K[1A[2K[G▇▇▆▆▅▅▄▄▃▃▂▂▁▁▁▁▂▂▃▃▄▄▅▅▆▆▇▇██▇▇▆▆▅▅▄▄▃▃▂▂▁▁▁▁▂▂▃▃▄▄▅▅▆▆▇▇██▇▇▆▆▅▅▄▄▃▃▂▂▁▁▁▁▂▂▃▃
Releasing an app version ...
[2K[1A[2K[1A[2K[G█▇▇▆▆▅▅▄▄▃▃▂▂▁▁▁▁▂▂▃▃▄▄▅▅▆▆▇▇██▇▇▆▆▅▅▄▄▃▃▂▂▁▁▁▁▂▂▃▃▄▄▅▅▆▆▇▇██▇▇▆▆▅▅▄▄▃▃▂▂▁▁▁▁▂▂▃
Releasing an app version ...
[2K[1A[2K[1A[2K[G██▇▇▆▆▅▅▄▄▃▃▂▂▁▁▁▁▂▂▃▃▄▄▅▅▆▆▇▇██▇▇▆▆▅▅▄▄▃▃▂▂▁▁▁▁▂▂▃▃▄▄▅▅▆▆▇▇██▇▇▆▆▅▅▄▄▃▃▂▂▁▁▁▁▂▂
Releasing an app version ...
[2K[1A[2K[1A[2K[G▇██▇▇▆▆▅▅▄▄▃▃▂▂▁▁▁▁▂▂▃▃▄▄▅▅▆▆▇▇██▇▇▆▆▅▅▄▄▃▃▂▂▁▁▁▁▂▂▃▃▄▄▅▅▆▆▇▇██▇▇▆▆▅▅▄▄▃▃▂▂▁▁▁▁▂
Releasing an app version ...
[2K[1A[2K[1A[2K[G▇▇██▇▇▆▆▅▅▄▄▃▃▂▂▁▁▁▁▂▂▃▃▄▄▅▅▆▆▇▇██▇▇▆▆▅▅▄▄▃▃▂▂▁▁▁▁▂▂▃▃▄▄▅▅▆▆▇▇██▇▇▆▆▅▅▄▄▃▃▂▂▁▁▁▁
Releasing an app version ...
[2K[1A[2K[1A[2K[G▆▇▇██▇▇▆▆▅▅▄▄▃▃▂▂▁▁▁▁▂▂▃▃▄▄▅▅▆▆▇▇██▇▇▆▆▅▅▄▄▃▃▂▂▁▁▁▁▂▂▃▃▄▄▅▅▆▆▇▇██▇▇▆▆▅▅▄▄▃▃▂▂▁▁▁
Releasing an app version ...
[2K[1A[2K[1A[2K[G▆▆▇▇██▇▇▆▆▅▅▄▄▃▃▂▂▁▁▁▁▂▂▃▃▄▄▅▅▆▆▇▇██▇▇▆▆▅▅▄▄▃▃▂▂▁▁▁▁▂▂▃▃▄▄▅▅▆▆▇▇██▇▇▆▆▅▅▄▄▃▃▂▂▁▁
Releasing an app version ...
[2K[1A[2K[1A[2K[G▅▆▆▇▇██▇▇▆▆▅▅▄▄▃▃▂▂▁▁▁▁▂▂▃▃▄▄▅▅▆▆▇▇██▇▇▆▆▅▅▄▄▃▃▂▂▁▁▁▁▂▂▃▃▄▄▅▅▆▆▇▇██▇▇▆▆▅▅▄▄▃▃▂▂▁
Releasing an app version ...
[2K[1A[2K[1A[2K[G▅▅▆▆▇▇██▇▇▆▆▅▅▄▄▃▃▂▂▁▁▁▁▂▂▃▃▄▄▅▅▆▆▇▇██▇▇▆▆▅▅▄▄▃▃▂▂▁▁▁▁▂▂▃▃▄▄▅▅▆▆▇▇██▇▇▆▆▅▅▄▄▃▃▂▂
Releasing an app version ...
[2K[1A[2K[1A[2K[G▄▅▅▆▆▇▇██▇▇▆▆▅▅▄▄▃▃▂▂▁▁▁▁▂▂▃▃▄▄▅▅▆▆▇▇██▇▇▆▆▅▅▄▄▃▃▂▂▁▁▁▁▂▂▃▃▄▄▅▅▆▆▇▇██▇▇▆▆▅▅▄▄▃▃▂
Releasing an app version ...
[2K[1A[2K[1A[2K[G▄▄▅▅▆▆▇▇██▇▇▆▆▅▅▄▄▃▃▂▂▁▁▁▁▂▂▃▃▄▄▅▅▆▆▇▇██▇▇▆▆▅▅▄▄▃▃▂▂▁▁▁▁▂▂▃▃▄▄▅▅▆▆▇▇██▇▇▆▆▅▅▄▄▃▃
Releasing an app version ...
[2K[1A[2K[1A[2K[G▃▄▄▅▅▆▆▇▇██▇▇▆▆▅▅▄▄▃▃▂▂▁▁▁▁▂▂▃▃▄▄▅▅▆▆▇▇██▇▇▆▆▅▅▄▄▃▃▂▂▁▁▁▁▂▂▃▃▄▄▅▅▆▆▇▇██▇▇▆▆▅▅▄▄▃
Releasing an app version ...
[2K[1A[2K[1A[2K[G▃▃▄▄▅▅▆▆▇▇██▇▇▆▆▅▅▄▄▃▃▂▂▁▁▁▁▂▂▃▃▄▄▅▅▆▆▇▇██▇▇▆▆▅▅▄▄▃▃▂▂▁▁▁▁▂▂▃▃▄▄▅▅▆▆▇▇██▇▇▆▆▅▅▄▄
Releasing an app version ...
[2K[1A[2K[1A[2K[G▂▃▃▄▄▅▅▆▆▇▇██▇▇▆▆▅▅▄▄▃▃▂▂▁▁▁▁▂▂▃▃▄▄▅▅▆▆▇▇██▇▇▆▆▅▅▄▄▃▃▂▂▁▁▁▁▂▂▃▃▄▄▅▅▆▆▇▇██▇▇▆▆▅▅▄
Releasing an app version ...
[2K[1A[2K[1A[2K[G▂▂▃▃▄▄▅▅▆▆▇▇██▇▇▆▆▅▅▄▄▃▃▂▂▁▁▁▁▂▂▃▃▄▄▅▅▆▆▇▇██▇▇▆▆▅▅▄▄▃▃▂▂▁▁▁▁▂▂▃▃▄▄▅▅▆▆▇▇██▇▇▆▆▅▅
Releasing an app version ...
[2K[1A[2K[1A[2K[G▁▂▂▃▃▄▄▅▅▆▆▇▇██▇▇▆▆▅▅▄▄▃▃▂▂▁▁▁▁▂▂▃▃▄▄▅▅▆▆▇▇██▇▇▆▆▅▅▄▄▃▃▂▂▁▁▁▁▂▂▃▃▄▄▅▅▆▆▇▇██▇▇▆▆▅
Releasing an app version ...
[2K[1A[2K[1A[2K[G▁▁▂▂▃▃▄▄▅▅▆▆▇▇██▇▇▆▆▅▅▄▄▃▃▂▂▁▁▁▁▂▂▃▃▄▄▅▅▆▆▇▇██▇▇▆▆▅▅▄▄▃▃▂▂▁▁▁▁▂▂▃▃▄▄▅▅▆▆▇▇██▇▇▆▆
Releasing an app version ...
[2K[1A[2K[1A[2K[G▁▁▁▂▂▃▃▄▄▅▅▆▆▇▇██▇▇▆▆▅▅▄▄▃▃▂▂▁▁▁▁▂▂▃▃▄▄▅▅▆▆▇▇██▇▇▆▆▅▅▄▄▃▃▂▂▁▁▁▁▂▂▃▃▄▄▅▅▆▆▇▇██▇▇▆
Releasing an app version ...
[2K[1A[2K[1A[2K[G▁▁▁▁▂▂▃▃▄▄▅▅▆▆▇▇██▇▇▆▆▅▅▄▄▃▃▂▂▁▁▁▁▂▂▃▃▄▄▅▅▆▆▇▇██▇▇▆▆▅▅▄▄▃▃▂▂▁▁▁▁▂▂▃▃▄▄▅▅▆▆▇▇██▇▇
Releasing an app version ...
[2K[1A[2K[1A[2K[G▂▁▁▁▁▂▂▃▃▄▄▅▅▆▆▇▇██▇▇▆▆▅▅▄▄▃▃▂▂▁▁▁▁▂▂▃▃▄▄▅▅▆▆▇▇██▇▇▆▆▅▅▄▄▃▃▂▂▁▁▁▁▂▂▃▃▄▄▅▅▆▆▇▇██▇
Releasing an app version ...
[2K[1A[2K[1A[2K[G▂▂▁▁▁▁▂▂▃▃▄▄▅▅▆▆▇▇██▇▇▆▆▅▅▄▄▃▃▂▂▁▁▁▁▂▂▃▃▄▄▅▅▆▆▇▇██▇▇▆▆▅▅▄▄▃▃▂▂▁▁▁▁▂▂▃▃▄▄▅▅▆▆▇▇██
Releasing an app version ...
[2K[1A[2K[1A[2K[G▃▂▂▁▁▁▁▂▂▃▃▄▄▅▅▆▆▇▇██▇▇▆▆▅▅▄▄▃▃▂▂▁▁▁▁▂▂▃▃▄▄▅▅▆▆▇▇██▇▇▆▆▅▅▄▄▃▃▂▂▁▁▁▁▂▂▃▃▄▄▅▅▆▆▇▇█
Releasing an app version ...
[2K[1A[2K[1A[2K[G▃▃▂▂▁▁▁▁▂▂▃▃▄▄▅▅▆▆▇▇██▇▇▆▆▅▅▄▄▃▃▂▂▁▁▁▁▂▂▃▃▄▄▅▅▆▆▇▇██▇▇▆▆▅▅▄▄▃▃▂▂▁▁▁▁▂▂▃▃▄▄▅▅▆▆▇▇
Releasing an app version ...
[2K[1A[2K[1A[2K[G▄▃▃▂▂▁▁▁▁▂▂▃▃▄▄▅▅▆▆▇▇██▇▇▆▆▅▅▄▄▃▃▂▂▁▁▁▁▂▂▃▃▄▄▅▅▆▆▇▇██▇▇▆▆▅▅▄▄▃▃▂▂▁▁▁▁▂▂▃▃▄▄▅▅▆▆▇
Releasing an app version ...
[2K[1A[2K[1A[2K[G▄▄▃▃▂▂▁▁▁▁▂▂▃▃▄▄▅▅▆▆▇▇██▇▇▆▆▅▅▄▄▃▃▂▂▁▁▁▁▂▂▃▃▄▄▅▅▆▆▇▇██▇▇▆▆▅▅▄▄▃▃▂▂▁▁▁▁▂▂▃▃▄▄▅▅▆▆
Releasing an app version ...
[2K[1A[2K[1A[2K[G▅▄▄▃▃▂▂▁▁▁▁▂▂▃▃▄▄▅▅▆▆▇▇██▇▇▆▆▅▅▄▄▃▃▂▂▁▁▁▁▂▂▃▃▄▄▅▅▆▆▇▇██▇▇▆▆▅▅▄▄▃▃▂▂▁▁▁▁▂▂▃▃▄▄▅▅▆
Releasing an app version ...
[2K[1A[2K[1A[2K[G▅▅▄▄▃▃▂▂▁▁▁▁▂▂▃▃▄▄▅▅▆▆▇▇██▇▇▆▆▅▅▄▄▃▃▂▂▁▁▁▁▂▂▃▃▄▄▅▅▆▆▇▇██▇▇▆▆▅▅▄▄▃▃▂▂▁▁▁▁▂▂▃▃▄▄▅▅
Releasing an app version ...
[2K[1A[2K[1A[2K[G▆▅▅▄▄▃▃▂▂▁▁▁▁▂▂▃▃▄▄▅▅▆▆▇▇██▇▇▆▆▅▅▄▄▃▃▂▂▁▁▁▁▂▂▃▃▄▄▅▅▆▆▇▇██▇▇▆▆▅▅▄▄▃▃▂▂▁▁▁▁▂▂▃▃▄▄▅
Releasing an app version ...
[2K[1A[2K[1A[2K[G▆▆▅▅▄▄▃▃▂▂▁▁▁▁▂▂▃▃▄▄▅▅▆▆▇▇██▇▇▆▆▅▅▄▄▃▃▂▂▁▁▁▁▂▂▃▃▄▄▅▅▆▆▇▇██▇▇▆▆▅▅▄▄▃▃▂▂▁▁▁▁▂▂▃▃▄▄
Releasing an app version ...
[2K[1A[2K[1A[2K[G▇▆▆▅▅▄▄▃▃▂▂▁▁▁▁▂▂▃▃▄▄▅▅▆▆▇▇██▇▇▆▆▅▅▄▄▃▃▂▂▁▁▁▁▂▂▃▃▄▄▅▅▆▆▇▇██▇▇▆▆▅▅▄▄▃▃▂▂▁▁▁▁▂▂▃▃▄
Releasing an app version ...
[2K[1A[2K[1A[2K[G▇▇▆▆▅▅▄▄▃▃▂▂▁▁▁▁▂▂▃▃▄▄▅▅▆▆▇▇██▇▇▆▆▅▅▄▄▃▃▂▂▁▁▁▁▂▂▃▃▄▄▅▅▆▆▇▇██▇▇▆▆▅▅▄▄▃▃▂▂▁▁▁▁▂▂▃▃
Releasing an app version ...
[2K[1A[2K[1A[2K[G█▇▇▆▆▅▅▄▄▃▃▂▂▁▁▁▁▂▂▃▃▄▄▅▅▆▆▇▇██▇▇▆▆▅▅▄▄▃▃▂▂▁▁▁▁▂▂▃▃▄▄▅▅▆▆▇▇██▇▇▆▆▅▅▄▄▃▃▂▂▁▁▁▁▂▂▃
Releasing an app version ...
[2K[1A[2K[1A[2K[G██▇▇▆▆▅▅▄▄▃▃▂▂▁▁▁▁▂▂▃▃▄▄▅▅▆▆▇▇██▇▇▆▆▅▅▄▄▃▃▂▂▁▁▁▁▂▂▃▃▄▄▅▅▆▆▇▇██▇▇▆▆▅▅▄▄▃▃▂▂▁▁▁▁▂▂
Releasing an app version ...
[2K[1A[2K[1A[2K[G▇██▇▇▆▆▅▅▄▄▃▃▂▂▁▁▁▁▂▂▃▃▄▄▅▅▆▆▇▇██▇▇▆▆▅▅▄▄▃▃▂▂▁▁▁▁▂▂▃▃▄▄▅▅▆▆▇▇██▇▇▆▆▅▅▄▄▃▃▂▂▁▁▁▁▂
Releasing an app version ...
[2K[1A[2K[1A[2K[G▇▇██▇▇▆▆▅▅▄▄▃▃▂▂▁▁▁▁▂▂▃▃▄▄▅▅▆▆▇▇██▇▇▆▆▅▅▄▄▃▃▂▂▁▁▁▁▂▂▃▃▄▄▅▅▆▆▇▇██▇▇▆▆▅▅▄▄▃▃▂▂▁▁▁▁
Releasing an app version ...
[2K[1A[2K[1A[2K[G▆▇▇██▇▇▆▆▅▅▄▄▃▃▂▂▁▁▁▁▂▂▃▃▄▄▅▅▆▆▇▇██▇▇▆▆▅▅▄▄▃▃▂▂▁▁▁▁▂▂▃▃▄▄▅▅▆▆▇▇██▇▇▆▆▅▅▄▄▃▃▂▂▁▁▁
Releasing an app version ...
[2K[1A[2K[1A[2K[G▆▆▇▇██▇▇▆▆▅▅▄▄▃▃▂▂▁▁▁▁▂▂▃▃▄▄▅▅▆▆▇▇██▇▇▆▆▅▅▄▄▃▃▂▂▁▁▁▁▂▂▃▃▄▄▅▅▆▆▇▇██▇▇▆▆▅▅▄▄▃▃▂▂▁▁
Releasing an app version ...
[2K[1A[2K[1A[2K[G▅▆▆▇▇██▇▇▆▆▅▅▄▄▃▃▂▂▁▁▁▁▂▂▃▃▄▄▅▅▆▆▇▇██▇▇▆▆▅▅▄▄▃▃▂▂▁▁▁▁▂▂▃▃▄▄▅▅▆▆▇▇██▇▇▆▆▅▅▄▄▃▃▂▂▁
Releasing an app version ...
[2K[1A[2K[1A[2K[G▅▅▆▆▇▇██▇▇▆▆▅▅▄▄▃▃▂▂▁▁▁▁▂▂▃▃▄▄▅▅▆▆▇▇██▇▇▆▆▅▅▄▄▃▃▂▂▁▁▁▁▂▂▃▃▄▄▅▅▆▆▇▇██▇▇▆▆▅▅▄▄▃▃▂▂
Releasing an app version ...
[2K[1A[2K[1A[2K[G▄▅▅▆▆▇▇██▇▇▆▆▅▅▄▄▃▃▂▂▁▁▁▁▂▂▃▃▄▄▅▅▆▆▇▇██▇▇▆▆▅▅▄▄▃▃▂▂▁▁▁▁▂▂▃▃▄▄▅▅▆▆▇▇██▇▇▆▆▅▅▄▄▃▃▂
Releasing an app version ...
[2K[1A[2K[1A[2K[G▄▄▅▅▆▆▇▇██▇▇▆▆▅▅▄▄▃▃▂▂▁▁▁▁▂▂▃▃▄▄▅▅▆▆▇▇██▇▇▆▆▅▅▄▄▃▃▂▂▁▁▁▁▂▂▃▃▄▄▅▅▆▆▇▇██▇▇▆▆▅▅▄▄▃▃
Releasing an app version ...
[2K[1A[2K[1A[2K[G▃▄▄▅▅▆▆▇▇██▇▇▆▆▅▅▄▄▃▃▂▂▁▁▁▁▂▂▃▃▄▄▅▅▆▆▇▇██▇▇▆▆▅▅▄▄▃▃▂▂▁▁▁▁▂▂▃▃▄▄▅▅▆▆▇▇██▇▇▆▆▅▅▄▄▃
Releasing an app version ...
[2K[1A[2K[1A[2K[G▃▃▄▄▅▅▆▆▇▇██▇▇▆▆▅▅▄▄▃▃▂▂▁▁▁▁▂▂▃▃▄▄▅▅▆▆▇▇██▇▇▆▆▅▅▄▄▃▃▂▂▁▁▁▁▂▂▃▃▄▄▅▅▆▆▇▇██▇▇▆▆▅▅▄▄
Releasing an app version ...
[2K[1A[2K[1A[2K[G▂▃▃▄▄▅▅▆▆▇▇██▇▇▆▆▅▅▄▄▃▃▂▂▁▁▁▁▂▂▃▃▄▄▅▅▆▆▇▇██▇▇▆▆▅▅▄▄▃▃▂▂▁▁▁▁▂▂▃▃▄▄▅▅▆▆▇▇██▇▇▆▆▅▅▄
Releasing an app version ...
[2K[1A[2K[1A[2K[G▂▂▃▃▄▄▅▅▆▆▇▇██▇▇▆▆▅▅▄▄▃▃▂▂▁▁▁▁▂▂▃▃▄▄▅▅▆▆▇▇██▇▇▆▆▅▅▄▄▃▃▂▂▁▁▁▁▂▂▃▃▄▄▅▅▆▆▇▇██▇▇▆▆▅▅
Releasing an app version ...
[2K[1A[2K[1A[2K[G▁▂▂▃▃▄▄▅▅▆▆▇▇██▇▇▆▆▅▅▄▄▃▃▂▂▁▁▁▁▂▂▃▃▄▄▅▅▆▆▇▇██▇▇▆▆▅▅▄▄▃▃▂▂▁▁▁▁▂▂▃▃▄▄▅▅▆▆▇▇██▇▇▆▆▅
Releasing an app version ...
[2K[1A[2K[1A[2K[G▁▁▂▂▃▃▄▄▅▅▆▆▇▇██▇▇▆▆▅▅▄▄▃▃▂▂▁▁▁▁▂▂▃▃▄▄▅▅▆▆▇▇██▇▇▆▆▅▅▄▄▃▃▂▂▁▁▁▁▂▂▃▃▄▄▅▅▆▆▇▇██▇▇▆▆
Releasing an app version ...
[2K[1A[2K[1A[2K[G▁▁▁▂▂▃▃▄▄▅▅▆▆▇▇██▇▇▆▆▅▅▄▄▃▃▂▂▁▁▁▁▂▂▃▃▄▄▅▅▆▆▇▇██▇▇▆▆▅▅▄▄▃▃▂▂▁▁▁▁▂▂▃▃▄▄▅▅▆▆▇▇██▇▇▆
Releasing an app version ...
[2K[1A[2K[1A[2K[G▁▁▁▁▂▂▃▃▄▄▅▅▆▆▇▇██▇▇▆▆▅▅▄▄▃▃▂▂▁▁▁▁▂▂▃▃▄▄▅▅▆▆▇▇██▇▇▆▆▅▅▄▄▃▃▂▂▁▁▁▁▂▂▃▃▄▄▅▅▆▆▇▇██▇▇
Releasing an app version ...
[2K[1A[2K[1A[2K[G▂▁▁▁▁▂▂▃▃▄▄▅▅▆▆▇▇██▇▇▆▆▅▅▄▄▃▃▂▂▁▁▁▁▂▂▃▃▄▄▅▅▆▆▇▇██▇▇▆▆▅▅▄▄▃▃▂▂▁▁▁▁▂▂▃▃▄▄▅▅▆▆▇▇██▇
Releasing an app version ...
[2K[1A[2K[1A[2K[G▂▂▁▁▁▁▂▂▃▃▄▄▅▅▆▆▇▇██▇▇▆▆▅▅▄▄▃▃▂▂▁▁▁▁▂▂▃▃▄▄▅▅▆▆▇▇██▇▇▆▆▅▅▄▄▃▃▂▂▁▁▁▁▂▂▃▃▄▄▅▅▆▆▇▇██
Releasing an app version ...
[2K[1A[2K[1A[2K[G▃▂▂▁▁▁▁▂▂▃▃▄▄▅▅▆▆▇▇██▇▇▆▆▅▅▄▄▃▃▂▂▁▁▁▁▂▂▃▃▄▄▅▅▆▆▇▇██▇▇▆▆▅▅▄▄▃▃▂▂▁▁▁▁▂▂▃▃▄▄▅▅▆▆▇▇█
Releasing an app version ...
[2K[1A[2K[1A[2K[G▃▃▂▂▁▁▁▁▂▂▃▃▄▄▅▅▆▆▇▇██▇▇▆▆▅▅▄▄▃▃▂▂▁▁▁▁▂▂▃▃▄▄▅▅▆▆▇▇██▇▇▆▆▅▅▄▄▃▃▂▂▁▁▁▁▂▂▃▃▄▄▅▅▆▆▇▇
Releasing an app version ...
[2K[1A[2K[1A[2K[G▄▃▃▂▂▁▁▁▁▂▂▃▃▄▄▅▅▆▆▇▇██▇▇▆▆▅▅▄▄▃▃▂▂▁▁▁▁▂▂▃▃▄▄▅▅▆▆▇▇██▇▇▆▆▅▅▄▄▃▃▂▂▁▁▁▁▂▂▃▃▄▄▅▅▆▆▇
Releasing an app version ...
[2K[1A[2K[1A[2K[G▄▄▃▃▂▂▁▁▁▁▂▂▃▃▄▄▅▅▆▆▇▇██▇▇▆▆▅▅▄▄▃▃▂▂▁▁▁▁▂▂▃▃▄▄▅▅▆▆▇▇██▇▇▆▆▅▅▄▄▃▃▂▂▁▁▁▁▂▂▃▃▄▄▅▅▆▆
Releasing an app version ...
[2K[1A[2K[1A[2K[G▅▄▄▃▃▂▂▁▁▁▁▂▂▃▃▄▄▅▅▆▆▇▇██▇▇▆▆▅▅▄▄▃▃▂▂▁▁▁▁▂▂▃▃▄▄▅▅▆▆▇▇██▇▇▆▆▅▅▄▄▃▃▂▂▁▁▁▁▂▂▃▃▄▄▅▅▆
Releasing an app version ...
[2K[1A[2K[1A[2K[G▅▅▄▄▃▃▂▂▁▁▁▁▂▂▃▃▄▄▅▅▆▆▇▇██▇▇▆▆▅▅▄▄▃▃▂▂▁▁▁▁▂▂▃▃▄▄▅▅▆▆▇▇██▇▇▆▆▅▅▄▄▃▃▂▂▁▁▁▁▂▂▃▃▄▄▅▅
Releasing an app version ...
[2K[1A[2K[1A[2K[G▆▅▅▄▄▃▃▂▂▁▁▁▁▂▂▃▃▄▄▅▅▆▆▇▇██▇▇▆▆▅▅▄▄▃▃▂▂▁▁▁▁▂▂▃▃▄▄▅▅▆▆▇▇██▇▇▆▆▅▅▄▄▃▃▂▂▁▁▁▁▂▂▃▃▄▄▅
Releasing an app version ...
[2K[1A[2K[1A[2K[G▆▆▅▅▄▄▃▃▂▂▁▁▁▁▂▂▃▃▄▄▅▅▆▆▇▇██▇▇▆▆▅▅▄▄▃▃▂▂▁▁▁▁▂▂▃▃▄▄▅▅▆▆▇▇██▇▇▆▆▅▅▄▄▃▃▂▂▁▁▁▁▂▂▃▃▄▄
Releasing an app version ...
[2K[1A[2K[1A[2K[G▇▆▆▅▅▄▄▃▃▂▂▁▁▁▁▂▂▃▃▄▄▅▅▆▆▇▇██▇▇▆▆▅▅▄▄▃▃▂▂▁▁▁▁▂▂▃▃▄▄▅▅▆▆▇▇██▇▇▆▆▅▅▄▄▃▃▂▂▁▁▁▁▂▂▃▃▄
Releasing an app version ...
[2K[1A[2K[1A[2K[G▇▇▆▆▅▅▄▄▃▃▂▂▁▁▁▁▂▂▃▃▄▄▅▅▆▆▇▇██▇▇▆▆▅▅▄▄▃▃▂▂▁▁▁▁▂▂▃▃▄▄▅▅▆▆▇▇██▇▇▆▆▅▅▄▄▃▃▂▂▁▁▁▁▂▂▃▃
Releasing an app version ...
[2K[1A[2K[1A[2K[G█▇▇▆▆▅▅▄▄▃▃▂▂▁▁▁▁▂▂▃▃▄▄▅▅▆▆▇▇██▇▇▆▆▅▅▄▄▃▃▂▂▁▁▁▁▂▂▃▃▄▄▅▅▆▆▇▇██▇▇▆▆▅▅▄▄▃▃▂▂▁▁▁▁▂▂▃
Releasing an app version ...
[2K[1A[2K[1A[2K[G██▇▇▆▆▅▅▄▄▃▃▂▂▁▁▁▁▂▂▃▃▄▄▅▅▆▆▇▇██▇▇▆▆▅▅▄▄▃▃▂▂▁▁▁▁▂▂▃▃▄▄▅▅▆▆▇▇██▇▇▆▆▅▅▄▄▃▃▂▂▁▁▁▁▂▂
Releasing an app version ...
[2K[1A[2K[1A[2K[G▇██▇▇▆▆▅▅▄▄▃▃▂▂▁▁▁▁▂▂▃▃▄▄▅▅▆▆▇▇██▇▇▆▆▅▅▄▄▃▃▂▂▁▁▁▁▂▂▃▃▄▄▅▅▆▆▇▇██▇▇▆▆▅▅▄▄▃▃▂▂▁▁▁▁▂
Releasing an app version ...
[2K[1A[2K[1A[2K[G▇▇██▇▇▆▆▅▅▄▄▃▃▂▂▁▁▁▁▂▂▃▃▄▄▅▅▆▆▇▇██▇▇▆▆▅▅▄▄▃▃▂▂▁▁▁▁▂▂▃▃▄▄▅▅▆▆▇▇██▇▇▆▆▅▅▄▄▃▃▂▂▁▁▁▁
Releasing an app version ...
[2K[1A[2K[1A[2K[G▆▇▇██▇▇▆▆▅▅▄▄▃▃▂▂▁▁▁▁▂▂▃▃▄▄▅▅▆▆▇▇██▇▇▆▆▅▅▄▄▃▃▂▂▁▁▁▁▂▂▃▃▄▄▅▅▆▆▇▇██▇▇▆▆▅▅▄▄▃▃▂▂▁▁▁
Releasing an app version ...
[2K[1A[2K[1A[2K[G▆▆▇▇██▇▇▆▆▅▅▄▄▃▃▂▂▁▁▁▁▂▂▃▃▄▄▅▅▆▆▇▇██▇▇▆▆▅▅▄▄▃▃▂▂▁▁▁▁▂▂▃▃▄▄▅▅▆▆▇▇██▇▇▆▆▅▅▄▄▃▃▂▂▁▁
Releasing an app version ...
[2K[1A[2K[1A[2K[G▅▆▆▇▇██▇▇▆▆▅▅▄▄▃▃▂▂▁▁▁▁▂▂▃▃▄▄▅▅▆▆▇▇██▇▇▆▆▅▅▄▄▃▃▂▂▁▁▁▁▂▂▃▃▄▄▅▅▆▆▇▇██▇▇▆▆▅▅▄▄▃▃▂▂▁
Releasing an app version ...
[2K[1A[2K[1A[2K[G▅▅▆▆▇▇██▇▇▆▆▅▅▄▄▃▃▂▂▁▁▁▁▂▂▃▃▄▄▅▅▆▆▇▇██▇▇▆▆▅▅▄▄▃▃▂▂▁▁▁▁▂▂▃▃▄▄▅▅▆▆▇▇██▇▇▆▆▅▅▄▄▃▃▂▂
Releasing an app version ...
[2K[1A[2K[1A[2K[G▄▅▅▆▆▇▇██▇▇▆▆▅▅▄▄▃▃▂▂▁▁▁▁▂▂▃▃▄▄▅▅▆▆▇▇██▇▇▆▆▅▅▄▄▃▃▂▂▁▁▁▁▂▂▃▃▄▄▅▅▆▆▇▇██▇▇▆▆▅▅▄▄▃▃▂
Releasing an app version ...
[2K[1A[2K[1A[2K[G▄▄▅▅▆▆▇▇██▇▇▆▆▅▅▄▄▃▃▂▂▁▁▁▁▂▂▃▃▄▄▅▅▆▆▇▇██▇▇▆▆▅▅▄▄▃▃▂▂▁▁▁▁▂▂▃▃▄▄▅▅▆▆▇▇██▇▇▆▆▅▅▄▄▃▃
Releasing an app version ...
[2K[1A[2K[1A[2K[G▃▄▄▅▅▆▆▇▇██▇▇▆▆▅▅▄▄▃▃▂▂▁▁▁▁▂▂▃▃▄▄▅▅▆▆▇▇██▇▇▆▆▅▅▄▄▃▃▂▂▁▁▁▁▂▂▃▃▄▄▅▅▆▆▇▇██▇▇▆▆▅▅▄▄▃
Releasing an app version ...
[2K[1A[2K[1A[2K[G▃▃▄▄▅▅▆▆▇▇██▇▇▆▆▅▅▄▄▃▃▂▂▁▁▁▁▂▂▃▃▄▄▅▅▆▆▇▇██▇▇▆▆▅▅▄▄▃▃▂▂▁▁▁▁▂▂▃▃▄▄▅▅▆▆▇▇██▇▇▆▆▅▅▄▄
Releasing an app version ...
[2K[1A[2K[1A[2K[G▂▃▃▄▄▅▅▆▆▇▇██▇▇▆▆▅▅▄▄▃▃▂▂▁▁▁▁▂▂▃▃▄▄▅▅▆▆▇▇██▇▇▆▆▅▅▄▄▃▃▂▂▁▁▁▁▂▂▃▃▄▄▅▅▆▆▇▇██▇▇▆▆▅▅▄
Releasing an app version ...
[2K[1A[2K[1A[2K[G▂▂▃▃▄▄▅▅▆▆▇▇██▇▇▆▆▅▅▄▄▃▃▂▂▁▁▁▁▂▂▃▃▄▄▅▅▆▆▇▇██▇▇▆▆▅▅▄▄▃▃▂▂▁▁▁▁▂▂▃▃▄▄▅▅▆▆▇▇██▇▇▆▆▅▅
Releasing an app version ...
[2K[1A[2K[1A[2K[G▁▂▂▃▃▄▄▅▅▆▆▇▇██▇▇▆▆▅▅▄▄▃▃▂▂▁▁▁▁▂▂▃▃▄▄▅▅▆▆▇▇██▇▇▆▆▅▅▄▄▃▃▂▂▁▁▁▁▂▂▃▃▄▄▅▅▆▆▇▇██▇▇▆▆▅
Releasing an app version ...
[2K[1A[2K[1A[2K[G▁▁▂▂▃▃▄▄▅▅▆▆▇▇██▇▇▆▆▅▅▄▄▃▃▂▂▁▁▁▁▂▂▃▃▄▄▅▅▆▆▇▇██▇▇▆▆▅▅▄▄▃▃▂▂▁▁▁▁▂▂▃▃▄▄▅▅▆▆▇▇██▇▇▆▆
Releasing an app version ...
[2K[1A[2K[1A[2K[G▁▁▁▂▂▃▃▄▄▅▅▆▆▇▇██▇▇▆▆▅▅▄▄▃▃▂▂▁▁▁▁▂▂▃▃▄▄▅▅▆▆▇▇██▇▇▆▆▅▅▄▄▃▃▂▂▁▁▁▁▂▂▃▃▄▄▅▅▆▆▇▇██▇▇▆
Releasing an app version ...
[2K[1A[2K[1A[2K[G▁▁▁▁▂▂▃▃▄▄▅▅▆▆▇▇██▇▇▆▆▅▅▄▄▃▃▂▂▁▁▁▁▂▂▃▃▄▄▅▅▆▆▇▇██▇▇▆▆▅▅▄▄▃▃▂▂▁▁▁▁▂▂▃▃▄▄▅▅▆▆▇▇██▇▇
Releasing an app version ...
[2K[1A[2K[1A[2K[G▂▁▁▁▁▂▂▃▃▄▄▅▅▆▆▇▇██▇▇▆▆▅▅▄▄▃▃▂▂▁▁▁▁▂▂▃▃▄▄▅▅▆▆▇▇██▇▇▆▆▅▅▄▄▃▃▂▂▁▁▁▁▂▂▃▃▄▄▅▅▆▆▇▇██▇
Releasing an app version ...
[2K[1A[2K[1A[2K[G▂▂▁▁▁▁▂▂▃▃▄▄▅▅▆▆▇▇██▇▇▆▆▅▅▄▄▃▃▂▂▁▁▁▁▂▂▃▃▄▄▅▅▆▆▇▇██▇▇▆▆▅▅▄▄▃▃▂▂▁▁▁▁▂▂▃▃▄▄▅▅▆▆▇▇██
Releasing an app version ...
[2K[1A[2K[1A[2K[G▃▂▂▁▁▁▁▂▂▃▃▄▄▅▅▆▆▇▇██▇▇▆▆▅▅▄▄▃▃▂▂▁▁▁▁▂▂▃▃▄▄▅▅▆▆▇▇██▇▇▆▆▅▅▄▄▃▃▂▂▁▁▁▁▂▂▃▃▄▄▅▅▆▆▇▇█
Releasing an app version ...
[2K[1A[2K[1A[2K[G▃▃▂▂▁▁▁▁▂▂▃▃▄▄▅▅▆▆▇▇██▇▇▆▆▅▅▄▄▃▃▂▂▁▁▁▁▂▂▃▃▄▄▅▅▆▆▇▇██▇▇▆▆▅▅▄▄▃▃▂▂▁▁▁▁▂▂▃▃▄▄▅▅▆▆▇▇
Releasing an app version ...
[2K[1A[2K[1A[2K[G▄▃▃▂▂▁▁▁▁▂▂▃▃▄▄▅▅▆▆▇▇██▇▇▆▆▅▅▄▄▃▃▂▂▁▁▁▁▂▂▃▃▄▄▅▅▆▆▇▇██▇▇▆▆▅▅▄▄▃▃▂▂▁▁▁▁▂▂▃▃▄▄▅▅▆▆▇
Releasing an app version ...
[2K[1A[2K[1A[2K[G▄▄▃▃▂▂▁▁▁▁▂▂▃▃▄▄▅▅▆▆▇▇██▇▇▆▆▅▅▄▄▃▃▂▂▁▁▁▁▂▂▃▃▄▄▅▅▆▆▇▇██▇▇▆▆▅▅▄▄▃▃▂▂▁▁▁▁▂▂▃▃▄▄▅▅▆▆
Releasing an app version ...
[2K[1A[2K[1A[2K[G▅▄▄▃▃▂▂▁▁▁▁▂▂▃▃▄▄▅▅▆▆▇▇██▇▇▆▆▅▅▄▄▃▃▂▂▁▁▁▁▂▂▃▃▄▄▅▅▆▆▇▇██▇▇▆▆▅▅▄▄▃▃▂▂▁▁▁▁▂▂▃▃▄▄▅▅▆
Releasing an app version ...
[2K[1A[2K[1A[2K[G▅▅▄▄▃▃▂▂▁▁▁▁▂▂▃▃▄▄▅▅▆▆▇▇██▇▇▆▆▅▅▄▄▃▃▂▂▁▁▁▁▂▂▃▃▄▄▅▅▆▆▇▇██▇▇▆▆▅▅▄▄▃▃▂▂▁▁▁▁▂▂▃▃▄▄▅▅
Releasing an app version ...
[2K[1A[2K[1A[2K[G▆▅▅▄▄▃▃▂▂▁▁▁▁▂▂▃▃▄▄▅▅▆▆▇▇██▇▇▆▆▅▅▄▄▃▃▂▂▁▁▁▁▂▂▃▃▄▄▅▅▆▆▇▇██▇▇▆▆▅▅▄▄▃▃▂▂▁▁▁▁▂▂▃▃▄▄▅
Releasing an app version ...
[2K[1A[2K[1A[2K[G▆▆▅▅▄▄▃▃▂▂▁▁▁▁▂▂▃▃▄▄▅▅▆▆▇▇██▇▇▆▆▅▅▄▄▃▃▂▂▁▁▁▁▂▂▃▃▄▄▅▅▆▆▇▇██▇▇▆▆▅▅▄▄▃▃▂▂▁▁▁▁▂▂▃▃▄▄
Releasing an app version ...
[2K[1A[2K[1A[2K[G▇▆▆▅▅▄▄▃▃▂▂▁▁▁▁▂▂▃▃▄▄▅▅▆▆▇▇██▇▇▆▆▅▅▄▄▃▃▂▂▁▁▁▁▂▂▃▃▄▄▅▅▆▆▇▇██▇▇▆▆▅▅▄▄▃▃▂▂▁▁▁▁▂▂▃▃▄
Releasing an app version ...
[2K[1A[2K[1A[2K[G▇▇▆▆▅▅▄▄▃▃▂▂▁▁▁▁▂▂▃▃▄▄▅▅▆▆▇▇██▇▇▆▆▅▅▄▄▃▃▂▂▁▁▁▁▂▂▃▃▄▄▅▅▆▆▇▇██▇▇▆▆▅▅▄▄▃▃▂▂▁▁▁▁▂▂▃▃
Releasing an app version ...
[2K[1A[2K[1A[2K[G█▇▇▆▆▅▅▄▄▃▃▂▂▁▁▁▁▂▂▃▃▄▄▅▅▆▆▇▇██▇▇▆▆▅▅▄▄▃▃▂▂▁▁▁▁▂▂▃▃▄▄▅▅▆▆▇▇██▇▇▆▆▅▅▄▄▃▃▂▂▁▁▁▁▂▂▃
Releasing an app version ...
[2K[1A[2K[1A[2K[G██▇▇▆▆▅▅▄▄▃▃▂▂▁▁▁▁▂▂▃▃▄▄▅▅▆▆▇▇██▇▇▆▆▅▅▄▄▃▃▂▂▁▁▁▁▂▂▃▃▄▄▅▅▆▆▇▇██▇▇▆▆▅▅▄▄▃▃▂▂▁▁▁▁▂▂
Releasing an app version ...
[2K[1A[2K[1A[2K[G▇██▇▇▆▆▅▅▄▄▃▃▂▂▁▁▁▁▂▂▃▃▄▄▅▅▆▆▇▇██▇▇▆▆▅▅▄▄▃▃▂▂▁▁▁▁▂▂▃▃▄▄▅▅▆▆▇▇██▇▇▆▆▅▅▄▄▃▃▂▂▁▁▁▁▂
Releasing an app version ...
[2K[1A[2K[1A[2K[G▇▇██▇▇▆▆▅▅▄▄▃▃▂▂▁▁▁▁▂▂▃▃▄▄▅▅▆▆▇▇██▇▇▆▆▅▅▄▄▃▃▂▂▁▁▁▁▂▂▃▃▄▄▅▅▆▆▇▇██▇▇▆▆▅▅▄▄▃▃▂▂▁▁▁▁
Releasing an app version ...
[2K[1A[2K[1A[2K[G▆▇▇██▇▇▆▆▅▅▄▄▃▃▂▂▁▁▁▁▂▂▃▃▄▄▅▅▆▆▇▇██▇▇▆▆▅▅▄▄▃▃▂▂▁▁▁▁▂▂▃▃▄▄▅▅▆▆▇▇██▇▇▆▆▅▅▄▄▃▃▂▂▁▁▁
Releasing an app version ...
[2K[1A[2K[1A[2K[G▆▆▇▇██▇▇▆▆▅▅▄▄▃▃▂▂▁▁▁▁▂▂▃▃▄▄▅▅▆▆▇▇██▇▇▆▆▅▅▄▄▃▃▂▂▁▁▁▁▂▂▃▃▄▄▅▅▆▆▇▇██▇▇▆▆▅▅▄▄▃▃▂▂▁▁
Releasing an app version ...
[2K[1A[2K[1A[2K[G▅▆▆▇▇██▇▇▆▆▅▅▄▄▃▃▂▂▁▁▁▁▂▂▃▃▄▄▅▅▆▆▇▇██▇▇▆▆▅▅▄▄▃▃▂▂▁▁▁▁▂▂▃▃▄▄▅▅▆▆▇▇██▇▇▆▆▅▅▄▄▃▃▂▂▁
Releasing an app version ...
[2K[1A[2K[1A[2K[G▅▅▆▆▇▇██▇▇▆▆▅▅▄▄▃▃▂▂▁▁▁▁▂▂▃▃▄▄▅▅▆▆▇▇██▇▇▆▆▅▅▄▄▃▃▂▂▁▁▁▁▂▂▃▃▄▄▅▅▆▆▇▇██▇▇▆▆▅▅▄▄▃▃▂▂
Releasing an app version ...
[2K[1A[2K[1A[2K[G▄▅▅▆▆▇▇██▇▇▆▆▅▅▄▄▃▃▂▂▁▁▁▁▂▂▃▃▄▄▅▅▆▆▇▇██▇▇▆▆▅▅▄▄▃▃▂▂▁▁▁▁▂▂▃▃▄▄▅▅▆▆▇▇██▇▇▆▆▅▅▄▄▃▃▂
Releasing an app version ...
[2K[1A[2K[1A[2K[G▄▄▅▅▆▆▇▇██▇▇▆▆▅▅▄▄▃▃▂▂▁▁▁▁▂▂▃▃▄▄▅▅▆▆▇▇██▇▇▆▆▅▅▄▄▃▃▂▂▁▁▁▁▂▂▃▃▄▄▅▅▆▆▇▇██▇▇▆▆▅▅▄▄▃▃
Releasing an app version ...
[2K[1A[2K[1A[2K[G▃▄▄▅▅▆▆▇▇██▇▇▆▆▅▅▄▄▃▃▂▂▁▁▁▁▂▂▃▃▄▄▅▅▆▆▇▇██▇▇▆▆▅▅▄▄▃▃▂▂▁▁▁▁▂▂▃▃▄▄▅▅▆▆▇▇██▇▇▆▆▅▅▄▄▃
Releasing an app version ...
[2K[1A[2K[1A[2K[G▃▃▄▄▅▅▆▆▇▇██▇▇▆▆▅▅▄▄▃▃▂▂▁▁▁▁▂▂▃▃▄▄▅▅▆▆▇▇██▇▇▆▆▅▅▄▄▃▃▂▂▁▁▁▁▂▂▃▃▄▄▅▅▆▆▇▇██▇▇▆▆▅▅▄▄
Releasing an app version ...
[2K[1A[2K[1A[2K[G▂▃▃▄▄▅▅▆▆▇▇██▇▇▆▆▅▅▄▄▃▃▂▂▁▁▁▁▂▂▃▃▄▄▅▅▆▆▇▇██▇▇▆▆▅▅▄▄▃▃▂▂▁▁▁▁▂▂▃▃▄▄▅▅▆▆▇▇██▇▇▆▆▅▅▄
Releasing an app version ...
[2K[1A[2K[1A[2K[G▂▂▃▃▄▄▅▅▆▆▇▇██▇▇▆▆▅▅▄▄▃▃▂▂▁▁▁▁▂▂▃▃▄▄▅▅▆▆▇▇██▇▇▆▆▅▅▄▄▃▃▂▂▁▁▁▁▂▂▃▃▄▄▅▅▆▆▇▇██▇▇▆▆▅▅
Releasing an app version ...
[2K[1A[2K[1A[2K[G▁▂▂▃▃▄▄▅▅▆▆▇▇██▇▇▆▆▅▅▄▄▃▃▂▂▁▁▁▁▂▂▃▃▄▄▅▅▆▆▇▇██▇▇▆▆▅▅▄▄▃▃▂▂▁▁▁▁▂▂▃▃▄▄▅▅▆▆▇▇██▇▇▆▆▅
Releasing an app version ...
[2K[1A[2K[1A[2K[G▁▁▂▂▃▃▄▄▅▅▆▆▇▇██▇▇▆▆▅▅▄▄▃▃▂▂▁▁▁▁▂▂▃▃▄▄▅▅▆▆▇▇██▇▇▆▆▅▅▄▄▃▃▂▂▁▁▁▁▂▂▃▃▄▄▅▅▆▆▇▇██▇▇▆▆
Releasing an app version ...
[2K[1A[2K[1A[2K[G▁▁▁▂▂▃▃▄▄▅▅▆▆▇▇██▇▇▆▆▅▅▄▄▃▃▂▂▁▁▁▁▂▂▃▃▄▄▅▅▆▆▇▇██▇▇▆▆▅▅▄▄▃▃▂▂▁▁▁▁▂▂▃▃▄▄▅▅▆▆▇▇██▇▇▆
Releasing an app version ...
[2K[1A[2K[1A[2K[G▁▁▁▁▂▂▃▃▄▄▅▅▆▆▇▇██▇▇▆▆▅▅▄▄▃▃▂▂▁▁▁▁▂▂▃▃▄▄▅▅▆▆▇▇██▇▇▆▆▅▅▄▄▃▃▂▂▁▁▁▁▂▂▃▃▄▄▅▅▆▆▇▇██▇▇
Releasing an app version ...
[2K[1A[2K[1A[2K[G▂▁▁▁▁▂▂▃▃▄▄▅▅▆▆▇▇██▇▇▆▆▅▅▄▄▃▃▂▂▁▁▁▁▂▂▃▃▄▄▅▅▆▆▇▇██▇▇▆▆▅▅▄▄▃▃▂▂▁▁▁▁▂▂▃▃▄▄▅▅▆▆▇▇██▇
Releasing an app version ...
[2K[1A[2K[1A[2K[G▂▂▁▁▁▁▂▂▃▃▄▄▅▅▆▆▇▇██▇▇▆▆▅▅▄▄▃▃▂▂▁▁▁▁▂▂▃▃▄▄▅▅▆▆▇▇██▇▇▆▆▅▅▄▄▃▃▂▂▁▁▁▁▂▂▃▃▄▄▅▅▆▆▇▇██
Releasing an app version ...
[2K[1A[2K[1A[2K[G▃▂▂▁▁▁▁▂▂▃▃▄▄▅▅▆▆▇▇██▇▇▆▆▅▅▄▄▃▃▂▂▁▁▁▁▂▂▃▃▄▄▅▅▆▆▇▇██▇▇▆▆▅▅▄▄▃▃▂▂▁▁▁▁▂▂▃▃▄▄▅▅▆▆▇▇█
Releasing an app version ...
[2K[1A[2K[1A[2K[G▃▃▂▂▁▁▁▁▂▂▃▃▄▄▅▅▆▆▇▇██▇▇▆▆▅▅▄▄▃▃▂▂▁▁▁▁▂▂▃▃▄▄▅▅▆▆▇▇██▇▇▆▆▅▅▄▄▃▃▂▂▁▁▁▁▂▂▃▃▄▄▅▅▆▆▇▇
Releasing an app version ...
[2K[1A[2K[1A[2K[G▄▃▃▂▂▁▁▁▁▂▂▃▃▄▄▅▅▆▆▇▇██▇▇▆▆▅▅▄▄▃▃▂▂▁▁▁▁▂▂▃▃▄▄▅▅▆▆▇▇██▇▇▆▆▅▅▄▄▃▃▂▂▁▁▁▁▂▂▃▃▄▄▅▅▆▆▇
Releasing an app version ...
[2K[1A[2K[1A[2K[G▄▄▃▃▂▂▁▁▁▁▂▂▃▃▄▄▅▅▆▆▇▇██▇▇▆▆▅▅▄▄▃▃▂▂▁▁▁▁▂▂▃▃▄▄▅▅▆▆▇▇██▇▇▆▆▅▅▄▄▃▃▂▂▁▁▁▁▂▂▃▃▄▄▅▅▆▆
Releasing an app version ...
[2K[1A[2K[1A[2K[G▅▄▄▃▃▂▂▁▁▁▁▂▂▃▃▄▄▅▅▆▆▇▇██▇▇▆▆▅▅▄▄▃▃▂▂▁▁▁▁▂▂▃▃▄▄▅▅▆▆▇▇██▇▇▆▆▅▅▄▄▃▃▂▂▁▁▁▁▂▂▃▃▄▄▅▅▆
Releasing an app version ...
[2K[1A[2K[1A[2K[G▅▅▄▄▃▃▂▂▁▁▁▁▂▂▃▃▄▄▅▅▆▆▇▇██▇▇▆▆▅▅▄▄▃▃▂▂▁▁▁▁▂▂▃▃▄▄▅▅▆▆▇▇██▇▇▆▆▅▅▄▄▃▃▂▂▁▁▁▁▂▂▃▃▄▄▅▅
Releasing an app version ...
[2K[1A[2K[1A[2K[G▆▅▅▄▄▃▃▂▂▁▁▁▁▂▂▃▃▄▄▅▅▆▆▇▇██▇▇▆▆▅▅▄▄▃▃▂▂▁▁▁▁▂▂▃▃▄▄▅▅▆▆▇▇██▇▇▆▆▅▅▄▄▃▃▂▂▁▁▁▁▂▂▃▃▄▄▅
Releasing an app version ...
[2K[1A[2K[1A[2K[G▆▆▅▅▄▄▃▃▂▂▁▁▁▁▂▂▃▃▄▄▅▅▆▆▇▇██▇▇▆▆▅▅▄▄▃▃▂▂▁▁▁▁▂▂▃▃▄▄▅▅▆▆▇▇██▇▇▆▆▅▅▄▄▃▃▂▂▁▁▁▁▂▂▃▃▄▄
Releasing an app version ...
[2K[1A[2K[1A[2K[G▇▆▆▅▅▄▄▃▃▂▂▁▁▁▁▂▂▃▃▄▄▅▅▆▆▇▇██▇▇▆▆▅▅▄▄▃▃▂▂▁▁▁▁▂▂▃▃▄▄▅▅▆▆▇▇██▇▇▆▆▅▅▄▄▃▃▂▂▁▁▁▁▂▂▃▃▄
Releasing an app version ...
[2K[1A[2K[1A[2K[G▇▇▆▆▅▅▄▄▃▃▂▂▁▁▁▁▂▂▃▃▄▄▅▅▆▆▇▇██▇▇▆▆▅▅▄▄▃▃▂▂▁▁▁▁▂▂▃▃▄▄▅▅▆▆▇▇██▇▇▆▆▅▅▄▄▃▃▂▂▁▁▁▁▂▂▃▃
Releasing an app version ...
[2K[1A[2K[1A[2K[G█▇▇▆▆▅▅▄▄▃▃▂▂▁▁▁▁▂▂▃▃▄▄▅▅▆▆▇▇██▇▇▆▆▅▅▄▄▃▃▂▂▁▁▁▁▂▂▃▃▄▄▅▅▆▆▇▇██▇▇▆▆▅▅▄▄▃▃▂▂▁▁▁▁▂▂▃
Releasing an app version ...
[2K[1A[2K[1A[2K[G██▇▇▆▆▅▅▄▄▃▃▂▂▁▁▁▁▂▂▃▃▄▄▅▅▆▆▇▇██▇▇▆▆▅▅▄▄▃▃▂▂▁▁▁▁▂▂▃▃▄▄▅▅▆▆▇▇██▇▇▆▆▅▅▄▄▃▃▂▂▁▁▁▁▂▂
Releasing an app version ...
[2K[1A[2K[1A[2K[G▇██▇▇▆▆▅▅▄▄▃▃▂▂▁▁▁▁▂▂▃▃▄▄▅▅▆▆▇▇██▇▇▆▆▅▅▄▄▃▃▂▂▁▁▁▁▂▂▃▃▄▄▅▅▆▆▇▇██▇▇▆▆▅▅▄▄▃▃▂▂▁▁▁▁▂
Releasing an app version ...
[2K[1A[2K[1A[2K[G▇▇██▇▇▆▆▅▅▄▄▃▃▂▂▁▁▁▁▂▂▃▃▄▄▅▅▆▆▇▇██▇▇▆▆▅▅▄▄▃▃▂▂▁▁▁▁▂▂▃▃▄▄▅▅▆▆▇▇██▇▇▆▆▅▅▄▄▃▃▂▂▁▁▁▁
Releasing an app version ...
[2K[1A[2K[1A[2K[G▆▇▇██▇▇▆▆▅▅▄▄▃▃▂▂▁▁▁▁▂▂▃▃▄▄▅▅▆▆▇▇██▇▇▆▆▅▅▄▄▃▃▂▂▁▁▁▁▂▂▃▃▄▄▅▅▆▆▇▇██▇▇▆▆▅▅▄▄▃▃▂▂▁▁▁
Releasing an app version ...
[2K[1A[2K[1A[2K[G▆▆▇▇██▇▇▆▆▅▅▄▄▃▃▂▂▁▁▁▁▂▂▃▃▄▄▅▅▆▆▇▇██▇▇▆▆▅▅▄▄▃▃▂▂▁▁▁▁▂▂▃▃▄▄▅▅▆▆▇▇██▇▇▆▆▅▅▄▄▃▃▂▂▁▁
Releasing an app version ...
[2K[1A[2K[1A[2K[G▅▆▆▇▇██▇▇▆▆▅▅▄▄▃▃▂▂▁▁▁▁▂▂▃▃▄▄▅▅▆▆▇▇██▇▇▆▆▅▅▄▄▃▃▂▂▁▁▁▁▂▂▃▃▄▄▅▅▆▆▇▇██▇▇▆▆▅▅▄▄▃▃▂▂▁
Releasing an app version ...
[2K[1A[2K[1A[2K[G▅▅▆▆▇▇██▇▇▆▆▅▅▄▄▃▃▂▂▁▁▁▁▂▂▃▃▄▄▅▅▆▆▇▇██▇▇▆▆▅▅▄▄▃▃▂▂▁▁▁▁▂▂▃▃▄▄▅▅▆▆▇▇██▇▇▆▆▅▅▄▄▃▃▂▂
Releasing an app version ...
[2K[1A[2K[1A[2K[G▄▅▅▆▆▇▇██▇▇▆▆▅▅▄▄▃▃▂▂▁▁▁▁▂▂▃▃▄▄▅▅▆▆▇▇██▇▇▆▆▅▅▄▄▃▃▂▂▁▁▁▁▂▂▃▃▄▄▅▅▆▆▇▇██▇▇▆▆▅▅▄▄▃▃▂
Releasing an app version ...
[2K[1A[2K[1A[2K[G▄▄▅▅▆▆▇▇██▇▇▆▆▅▅▄▄▃▃▂▂▁▁▁▁▂▂▃▃▄▄▅▅▆▆▇▇██▇▇▆▆▅▅▄▄▃▃▂▂▁▁▁▁▂▂▃▃▄▄▅▅▆▆▇▇██▇▇▆▆▅▅▄▄▃▃
Releasing an app version ...
[2K[1A[2K[1A[2K[G▃▄▄▅▅▆▆▇▇██▇▇▆▆▅▅▄▄▃▃▂▂▁▁▁▁▂▂▃▃▄▄▅▅▆▆▇▇██▇▇▆▆▅▅▄▄▃▃▂▂▁▁▁▁▂▂▃▃▄▄▅▅▆▆▇▇██▇▇▆▆▅▅▄▄▃
Releasing an app version ...
[2K[1A[2K[1A[2K[G▃▃▄▄▅▅▆▆▇▇██▇▇▆▆▅▅▄▄▃▃▂▂▁▁▁▁▂▂▃▃▄▄▅▅▆▆▇▇██▇▇▆▆▅▅▄▄▃▃▂▂▁▁▁▁▂▂▃▃▄▄▅▅▆▆▇▇██▇▇▆▆▅▅▄▄
Releasing an app version ...
[2K[1A[2K[1A[2K[G▂▃▃▄▄▅▅▆▆▇▇██▇▇▆▆▅▅▄▄▃▃▂▂▁▁▁▁▂▂▃▃▄▄▅▅▆▆▇▇██▇▇▆▆▅▅▄▄▃▃▂▂▁▁▁▁▂▂▃▃▄▄▅▅▆▆▇▇██▇▇▆▆▅▅▄
Releasing an app version ...
[2K[1A[2K[1A[2K[G▂▂▃▃▄▄▅▅▆▆▇▇██▇▇▆▆▅▅▄▄▃▃▂▂▁▁▁▁▂▂▃▃▄▄▅▅▆▆▇▇██▇▇▆▆▅▅▄▄▃▃▂▂▁▁▁▁▂▂▃▃▄▄▅▅▆▆▇▇██▇▇▆▆▅▅
Releasing an app version ...
[2K[1A[2K[1A[2K[G▁▂▂▃▃▄▄▅▅▆▆▇▇██▇▇▆▆▅▅▄▄▃▃▂▂▁▁▁▁▂▂▃▃▄▄▅▅▆▆▇▇██▇▇▆▆▅▅▄▄▃▃▂▂▁▁▁▁▂▂▃▃▄▄▅▅▆▆▇▇██▇▇▆▆▅
Releasing an app version ...
[2K[1A[2K[1A[2K[G▁▁▂▂▃▃▄▄▅▅▆▆▇▇██▇▇▆▆▅▅▄▄▃▃▂▂▁▁▁▁▂▂▃▃▄▄▅▅▆▆▇▇██▇▇▆▆▅▅▄▄▃▃▂▂▁▁▁▁▂▂▃▃▄▄▅▅▆▆▇▇██▇▇▆▆
Releasing an app version ...
[2K[1A[2K[1A[2K[G▁▁▁▂▂▃▃▄▄▅▅▆▆▇▇██▇▇▆▆▅▅▄▄▃▃▂▂▁▁▁▁▂▂▃▃▄▄▅▅▆▆▇▇██▇▇▆▆▅▅▄▄▃▃▂▂▁▁▁▁▂▂▃▃▄▄▅▅▆▆▇▇██▇▇▆
Releasing an app version ...
[2K[1A[2K[1A[2K[G▁▁▁▁▂▂▃▃▄▄▅▅▆▆▇▇██▇▇▆▆▅▅▄▄▃▃▂▂▁▁▁▁▂▂▃▃▄▄▅▅▆▆▇▇██▇▇▆▆▅▅▄▄▃▃▂▂▁▁▁▁▂▂▃▃▄▄▅▅▆▆▇▇██▇▇
Releasing an app version ...
[2K[1A[2K[1A[2K[G▂▁▁▁▁▂▂▃▃▄▄▅▅▆▆▇▇██▇▇▆▆▅▅▄▄▃▃▂▂▁▁▁▁▂▂▃▃▄▄▅▅▆▆▇▇██▇▇▆▆▅▅▄▄▃▃▂▂▁▁▁▁▂▂▃▃▄▄▅▅▆▆▇▇██▇
Releasing an app version ...
[2K[1A[2K[1A[2K[G▂▂▁▁▁▁▂▂▃▃▄▄▅▅▆▆▇▇██▇▇▆▆▅▅▄▄▃▃▂▂▁▁▁▁▂▂▃▃▄▄▅▅▆▆▇▇██▇▇▆▆▅▅▄▄▃▃▂▂▁▁▁▁▂▂▃▃▄▄▅▅▆▆▇▇██
Releasing an app version ...
[2K[1A[2K[1A[2K[G▃▂▂▁▁▁▁▂▂▃▃▄▄▅▅▆▆▇▇██▇▇▆▆▅▅▄▄▃▃▂▂▁▁▁▁▂▂▃▃▄▄▅▅▆▆▇▇██▇▇▆▆▅▅▄▄▃▃▂▂▁▁▁▁▂▂▃▃▄▄▅▅▆▆▇▇█
Releasing an app version ...
[2K[1A[2K[1A[2K[G▃▃▂▂▁▁▁▁▂▂▃▃▄▄▅▅▆▆▇▇██▇▇▆▆▅▅▄▄▃▃▂▂▁▁▁▁▂▂▃▃▄▄▅▅▆▆▇▇██▇▇▆▆▅▅▄▄▃▃▂▂▁▁▁▁▂▂▃▃▄▄▅▅▆▆▇▇
Releasing an app version ...
[2K[1A[2K[1A[2K[G▄▃▃▂▂▁▁▁▁▂▂▃▃▄▄▅▅▆▆▇▇██▇▇▆▆▅▅▄▄▃▃▂▂▁▁▁▁▂▂▃▃▄▄▅▅▆▆▇▇██▇▇▆▆▅▅▄▄▃▃▂▂▁▁▁▁▂▂▃▃▄▄▅▅▆▆▇
Releasing an app version ...
[2K[1A[2K[1A[2K[G▄▄▃▃▂▂▁▁▁▁▂▂▃▃▄▄▅▅▆▆▇▇██▇▇▆▆▅▅▄▄▃▃▂▂▁▁▁▁▂▂▃▃▄▄▅▅▆▆▇▇██▇▇▆▆▅▅▄▄▃▃▂▂▁▁▁▁▂▂▃▃▄▄▅▅▆▆
Releasing an app version ...
[2K[1A[2K[1A[2K[G▅▄▄▃▃▂▂▁▁▁▁▂▂▃▃▄▄▅▅▆▆▇▇██▇▇▆▆▅▅▄▄▃▃▂▂▁▁▁▁▂▂▃▃▄▄▅▅▆▆▇▇██▇▇▆▆▅▅▄▄▃▃▂▂▁▁▁▁▂▂▃▃▄▄▅▅▆
Releasing an app version ...
[2K[1A[2K[1A[2K[G▅▅▄▄▃▃▂▂▁▁▁▁▂▂▃▃▄▄▅▅▆▆▇▇██▇▇▆▆▅▅▄▄▃▃▂▂▁▁▁▁▂▂▃▃▄▄▅▅▆▆▇▇██▇▇▆▆▅▅▄▄▃▃▂▂▁▁▁▁▂▂▃▃▄▄▅▅
Releasing an app version ...
[2K[1A[2K[1A[2K[G▆▅▅▄▄▃▃▂▂▁▁▁▁▂▂▃▃▄▄▅▅▆▆▇▇██▇▇▆▆▅▅▄▄▃▃▂▂▁▁▁▁▂▂▃▃▄▄▅▅▆▆▇▇██▇▇▆▆▅▅▄▄▃▃▂▂▁▁▁▁▂▂▃▃▄▄▅
Releasing an app version ...
[2K[1A[2K[1A[2K[G▆▆▅▅▄▄▃▃▂▂▁▁▁▁▂▂▃▃▄▄▅▅▆▆▇▇██▇▇▆▆▅▅▄▄▃▃▂▂▁▁▁▁▂▂▃▃▄▄▅▅▆▆▇▇██▇▇▆▆▅▅▄▄▃▃▂▂▁▁▁▁▂▂▃▃▄▄
Releasing an app version ...
[2K[1A[2K[1A[2K[G▇▆▆▅▅▄▄▃▃▂▂▁▁▁▁▂▂▃▃▄▄▅▅▆▆▇▇██▇▇▆▆▅▅▄▄▃▃▂▂▁▁▁▁▂▂▃▃▄▄▅▅▆▆▇▇██▇▇▆▆▅▅▄▄▃▃▂▂▁▁▁▁▂▂▃▃▄
Releasing an app version ...
[2K[1A[2K[1A[2K[G▇▇▆▆▅▅▄▄▃▃▂▂▁▁▁▁▂▂▃▃▄▄▅▅▆▆▇▇██▇▇▆▆▅▅▄▄▃▃▂▂▁▁▁▁▂▂▃▃▄▄▅▅▆▆▇▇██▇▇▆▆▅▅▄▄▃▃▂▂▁▁▁▁▂▂▃▃
Releasing an app version ...
[2K[1A[2K[1A[2K[G█▇▇▆▆▅▅▄▄▃▃▂▂▁▁▁▁▂▂▃▃▄▄▅▅▆▆▇▇██▇▇▆▆▅▅▄▄▃▃▂▂▁▁▁▁▂▂▃▃▄▄▅▅▆▆▇▇██▇▇▆▆▅▅▄▄▃▃▂▂▁▁▁▁▂▂▃
Releasing an app version ...
[2K[1A[2K[1A[2K[G██▇▇▆▆▅▅▄▄▃▃▂▂▁▁▁▁▂▂▃▃▄▄▅▅▆▆▇▇██▇▇▆▆▅▅▄▄▃▃▂▂▁▁▁▁▂▂▃▃▄▄▅▅▆▆▇▇██▇▇▆▆▅▅▄▄▃▃▂▂▁▁▁▁▂▂
Releasing an app version ...
[2K[1A[2K[1A[2K[G▇██▇▇▆▆▅▅▄▄▃▃▂▂▁▁▁▁▂▂▃▃▄▄▅▅▆▆▇▇██▇▇▆▆▅▅▄▄▃▃▂▂▁▁▁▁▂▂▃▃▄▄▅▅▆▆▇▇██▇▇▆▆▅▅▄▄▃▃▂▂▁▁▁▁▂
Releasing an app version ...
[2K[1A[2K[1A[2K[G▇▇██▇▇▆▆▅▅▄▄▃▃▂▂▁▁▁▁▂▂▃▃▄▄▅▅▆▆▇▇██▇▇▆▆▅▅▄▄▃▃▂▂▁▁▁▁▂▂▃▃▄▄▅▅▆▆▇▇██▇▇▆▆▅▅▄▄▃▃▂▂▁▁▁▁
Releasing an app version ...
[2K[1A[2K[1A[2K[G▆▇▇██▇▇▆▆▅▅▄▄▃▃▂▂▁▁▁▁▂▂▃▃▄▄▅▅▆▆▇▇██▇▇▆▆▅▅▄▄▃▃▂▂▁▁▁▁▂▂▃▃▄▄▅▅▆▆▇▇██▇▇▆▆▅▅▄▄▃▃▂▂▁▁▁
Releasing an app version ...
[2K[1A[2K[1A[2K[G▆▆▇▇██▇▇▆▆▅▅▄▄▃▃▂▂▁▁▁▁▂▂▃▃▄▄▅▅▆▆▇▇██▇▇▆▆▅▅▄▄▃▃▂▂▁▁▁▁▂▂▃▃▄▄▅▅▆▆▇▇██▇▇▆▆▅▅▄▄▃▃▂▂▁▁
Releasing an app version ...
[2K[1A[2K[1A[2K[G▅▆▆▇▇██▇▇▆▆▅▅▄▄▃▃▂▂▁▁▁▁▂▂▃▃▄▄▅▅▆▆▇▇██▇▇▆▆▅▅▄▄▃▃▂▂▁▁▁▁▂▂▃▃▄▄▅▅▆▆▇▇██▇▇▆▆▅▅▄▄▃▃▂▂▁
Releasing an app version ...
[2K[1A[2K[1A[2K[G▅▅▆▆▇▇██▇▇▆▆▅▅▄▄▃▃▂▂▁▁▁▁▂▂▃▃▄▄▅▅▆▆▇▇██▇▇▆▆▅▅▄▄▃▃▂▂▁▁▁▁▂▂▃▃▄▄▅▅▆▆▇▇██▇▇▆▆▅▅▄▄▃▃▂▂
Releasing an app version ...
[2K[1A[2K[1A[2K[G▄▅▅▆▆▇▇██▇▇▆▆▅▅▄▄▃▃▂▂▁▁▁▁▂▂▃▃▄▄▅▅▆▆▇▇██▇▇▆▆▅▅▄▄▃▃▂▂▁▁▁▁▂▂▃▃▄▄▅▅▆▆▇▇██▇▇▆▆▅▅▄▄▃▃▂
Releasing an app version ...
[2K[1A[2K[1A[2K[G▄▄▅▅▆▆▇▇██▇▇▆▆▅▅▄▄▃▃▂▂▁▁▁▁▂▂▃▃▄▄▅▅▆▆▇▇██▇▇▆▆▅▅▄▄▃▃▂▂▁▁▁▁▂▂▃▃▄▄▅▅▆▆▇▇██▇▇▆▆▅▅▄▄▃▃
Releasing an app version ...
[2K[1A[2K[1A[2K[G▃▄▄▅▅▆▆▇▇██▇▇▆▆▅▅▄▄▃▃▂▂▁▁▁▁▂▂▃▃▄▄▅▅▆▆▇▇██▇▇▆▆▅▅▄▄▃▃▂▂▁▁▁▁▂▂▃▃▄▄▅▅▆▆▇▇██▇▇▆▆▅▅▄▄▃
Releasing an app version ...
[2K[1A[2K[1A[2K[G▃▃▄▄▅▅▆▆▇▇██▇▇▆▆▅▅▄▄▃▃▂▂▁▁▁▁▂▂▃▃▄▄▅▅▆▆▇▇██▇▇▆▆▅▅▄▄▃▃▂▂▁▁▁▁▂▂▃▃▄▄▅▅▆▆▇▇██▇▇▆▆▅▅▄▄
Releasing an app version ...
[2K[1A[2K[1A[2K[G▂▃▃▄▄▅▅▆▆▇▇██▇▇▆▆▅▅▄▄▃▃▂▂▁▁▁▁▂▂▃▃▄▄▅▅▆▆▇▇██▇▇▆▆▅▅▄▄▃▃▂▂▁▁▁▁▂▂▃▃▄▄▅▅▆▆▇▇██▇▇▆▆▅▅▄
Releasing an app version ...
[2K[1A[2K[1A[2K[G▂▂▃▃▄▄▅▅▆▆▇▇██▇▇▆▆▅▅▄▄▃▃▂▂▁▁▁▁▂▂▃▃▄▄▅▅▆▆▇▇██▇▇▆▆▅▅▄▄▃▃▂▂▁▁▁▁▂▂▃▃▄▄▅▅▆▆▇▇██▇▇▆▆▅▅
Releasing an app version ...
[2K[1A[2K[1A[2K[G▁▂▂▃▃▄▄▅▅▆▆▇▇██▇▇▆▆▅▅▄▄▃▃▂▂▁▁▁▁▂▂▃▃▄▄▅▅▆▆▇▇██▇▇▆▆▅▅▄▄▃▃▂▂▁▁▁▁▂▂▃▃▄▄▅▅▆▆▇▇██▇▇▆▆▅
Releasing an app version ...
[2K[1A[2K[1A[2K[G▁▁▂▂▃▃▄▄▅▅▆▆▇▇██▇▇▆▆▅▅▄▄▃▃▂▂▁▁▁▁▂▂▃▃▄▄▅▅▆▆▇▇██▇▇▆▆▅▅▄▄▃▃▂▂▁▁▁▁▂▂▃▃▄▄▅▅▆▆▇▇██▇▇▆▆
Releasing an app version ...
[2K[1A[2K[1A[2K[G▁▁▁▂▂▃▃▄▄▅▅▆▆▇▇██▇▇▆▆▅▅▄▄▃▃▂▂▁▁▁▁▂▂▃▃▄▄▅▅▆▆▇▇██▇▇▆▆▅▅▄▄▃▃▂▂▁▁▁▁▂▂▃▃▄▄▅▅▆▆▇▇██▇▇▆
Releasing an app version ...
[2K[1A[2K[1A[2K[G▁▁▁▁▂▂▃▃▄▄▅▅▆▆▇▇██▇▇▆▆▅▅▄▄▃▃▂▂▁▁▁▁▂▂▃▃▄▄▅▅▆▆▇▇██▇▇▆▆▅▅▄▄▃▃▂▂▁▁▁▁▂▂▃▃▄▄▅▅▆▆▇▇██▇▇
Releasing an app version ...
[2K[1A[2K[1A[2K[G▂▁▁▁▁▂▂▃▃▄▄▅▅▆▆▇▇██▇▇▆▆▅▅▄▄▃▃▂▂▁▁▁▁▂▂▃▃▄▄▅▅▆▆▇▇██▇▇▆▆▅▅▄▄▃▃▂▂▁▁▁▁▂▂▃▃▄▄▅▅▆▆▇▇██▇
Releasing an app version ...
[2K[1A[2K[1A[2K[G▂▂▁▁▁▁▂▂▃▃▄▄▅▅▆▆▇▇██▇▇▆▆▅▅▄▄▃▃▂▂▁▁▁▁▂▂▃▃▄▄▅▅▆▆▇▇██▇▇▆▆▅▅▄▄▃▃▂▂▁▁▁▁▂▂▃▃▄▄▅▅▆▆▇▇██
Releasing an app version ...
[2K[1A[2K[1A[2K[G▃▂▂▁▁▁▁▂▂▃▃▄▄▅▅▆▆▇▇██▇▇▆▆▅▅▄▄▃▃▂▂▁▁▁▁▂▂▃▃▄▄▅▅▆▆▇▇██▇▇▆▆▅▅▄▄▃▃▂▂▁▁▁▁▂▂▃▃▄▄▅▅▆▆▇▇█
Releasing an app version ...
[2K[1A[2K[1A[2K[G▃▃▂▂▁▁▁▁▂▂▃▃▄▄▅▅▆▆▇▇██▇▇▆▆▅▅▄▄▃▃▂▂▁▁▁▁▂▂▃▃▄▄▅▅▆▆▇▇██▇▇▆▆▅▅▄▄▃▃▂▂▁▁▁▁▂▂▃▃▄▄▅▅▆▆▇▇
Releasing an app version ...
[2K[1A[2K[1A[2K[G▄▃▃▂▂▁▁▁▁▂▂▃▃▄▄▅▅▆▆▇▇██▇▇▆▆▅▅▄▄▃▃▂▂▁▁▁▁▂▂▃▃▄▄▅▅▆▆▇▇██▇▇▆▆▅▅▄▄▃▃▂▂▁▁▁▁▂▂▃▃▄▄▅▅▆▆▇
Releasing an app version ...
[2K[1A[2K[1A[2K[G▄▄▃▃▂▂▁▁▁▁▂▂▃▃▄▄▅▅▆▆▇▇██▇▇▆▆▅▅▄▄▃▃▂▂▁▁▁▁▂▂▃▃▄▄▅▅▆▆▇▇██▇▇▆▆▅▅▄▄▃▃▂▂▁▁▁▁▂▂▃▃▄▄▅▅▆▆
Releasing an app version ...
[2K[1A[2K[1A[2K[G▅▄▄▃▃▂▂▁▁▁▁▂▂▃▃▄▄▅▅▆▆▇▇██▇▇▆▆▅▅▄▄▃▃▂▂▁▁▁▁▂▂▃▃▄▄▅▅▆▆▇▇██▇▇▆▆▅▅▄▄▃▃▂▂▁▁▁▁▂▂▃▃▄▄▅▅▆
Releasing an app version ...
[2K[1A[2K[1A[2K[G▅▅▄▄▃▃▂▂▁▁▁▁▂▂▃▃▄▄▅▅▆▆▇▇██▇▇▆▆▅▅▄▄▃▃▂▂▁▁▁▁▂▂▃▃▄▄▅▅▆▆▇▇██▇▇▆▆▅▅▄▄▃▃▂▂▁▁▁▁▂▂▃▃▄▄▅▅
Releasing an app version ...
[2K[1A[2K[1A[2K[G▆▅▅▄▄▃▃▂▂▁▁▁▁▂▂▃▃▄▄▅▅▆▆▇▇██▇▇▆▆▅▅▄▄▃▃▂▂▁▁▁▁▂▂▃▃▄▄▅▅▆▆▇▇██▇▇▆▆▅▅▄▄▃▃▂▂▁▁▁▁▂▂▃▃▄▄▅
Releasing an app version ...
[2K[1A[2K[1A[2K[G▆▆▅▅▄▄▃▃▂▂▁▁▁▁▂▂▃▃▄▄▅▅▆▆▇▇██▇▇▆▆▅▅▄▄▃▃▂▂▁▁▁▁▂▂▃▃▄▄▅▅▆▆▇▇██▇▇▆▆▅▅▄▄▃▃▂▂▁▁▁▁▂▂▃▃▄▄
Releasing an app version ...
[2K[1A[2K[1A[2K[G▇▆▆▅▅▄▄▃▃▂▂▁▁▁▁▂▂▃▃▄▄▅▅▆▆▇▇██▇▇▆▆▅▅▄▄▃▃▂▂▁▁▁▁▂▂▃▃▄▄▅▅▆▆▇▇██▇▇▆▆▅▅▄▄▃▃▂▂▁▁▁▁▂▂▃▃▄
Releasing an app version ...
[2K[1A[2K[1A[2K[G▇▇▆▆▅▅▄▄▃▃▂▂▁▁▁▁▂▂▃▃▄▄▅▅▆▆▇▇██▇▇▆▆▅▅▄▄▃▃▂▂▁▁▁▁▂▂▃▃▄▄▅▅▆▆▇▇██▇▇▆▆▅▅▄▄▃▃▂▂▁▁▁▁▂▂▃▃
Releasing an app version ...
[2K[1A[2K[1A[2K[G█▇▇▆▆▅▅▄▄▃▃▂▂▁▁▁▁▂▂▃▃▄▄▅▅▆▆▇▇██▇▇▆▆▅▅▄▄▃▃▂▂▁▁▁▁▂▂▃▃▄▄▅▅▆▆▇▇██▇▇▆▆▅▅▄▄▃▃▂▂▁▁▁▁▂▂▃
Releasing an app version ...
[2K[1A[2K[1A[2K[G██▇▇▆▆▅▅▄▄▃▃▂▂▁▁▁▁▂▂▃▃▄▄▅▅▆▆▇▇██▇▇▆▆▅▅▄▄▃▃▂▂▁▁▁▁▂▂▃▃▄▄▅▅▆▆▇▇██▇▇▆▆▅▅▄▄▃▃▂▂▁▁▁▁▂▂
Releasing an app version ...
[2K[1A[2K[1A[2K[G▇██▇▇▆▆▅▅▄▄▃▃▂▂▁▁▁▁▂▂▃▃▄▄▅▅▆▆▇▇██▇▇▆▆▅▅▄▄▃▃▂▂▁▁▁▁▂▂▃▃▄▄▅▅▆▆▇▇██▇▇▆▆▅▅▄▄▃▃▂▂▁▁▁▁▂
Releasing an app version ...
[2K[1A[2K[1A[2K[G▇▇██▇▇▆▆▅▅▄▄▃▃▂▂▁▁▁▁▂▂▃▃▄▄▅▅▆▆▇▇██▇▇▆▆▅▅▄▄▃▃▂▂▁▁▁▁▂▂▃▃▄▄▅▅▆▆▇▇██▇▇▆▆▅▅▄▄▃▃▂▂▁▁▁▁
Releasing an app version ...
[2K[1A[2K[1A[2K[G▆▇▇██▇▇▆▆▅▅▄▄▃▃▂▂▁▁▁▁▂▂▃▃▄▄▅▅▆▆▇▇██▇▇▆▆▅▅▄▄▃▃▂▂▁▁▁▁▂▂▃▃▄▄▅▅▆▆▇▇██▇▇▆▆▅▅▄▄▃▃▂▂▁▁▁
Releasing an app version ...
[2K[1A[2K[1A[2K[G▆▆▇▇██▇▇▆▆▅▅▄▄▃▃▂▂▁▁▁▁▂▂▃▃▄▄▅▅▆▆▇▇██▇▇▆▆▅▅▄▄▃▃▂▂▁▁▁▁▂▂▃▃▄▄▅▅▆▆▇▇██▇▇▆▆▅▅▄▄▃▃▂▂▁▁
Releasing an app version ...
[2K[1A[2K[1A[2K[G▅▆▆▇▇██▇▇▆▆▅▅▄▄▃▃▂▂▁▁▁▁▂▂▃▃▄▄▅▅▆▆▇▇██▇▇▆▆▅▅▄▄▃▃▂▂▁▁▁▁▂▂▃▃▄▄▅▅▆▆▇▇██▇▇▆▆▅▅▄▄▃▃▂▂▁
Releasing an app version ...
[2K[1A[2K[1A[2K[G▅▅▆▆▇▇██▇▇▆▆▅▅▄▄▃▃▂▂▁▁▁▁▂▂▃▃▄▄▅▅▆▆▇▇██▇▇▆▆▅▅▄▄▃▃▂▂▁▁▁▁▂▂▃▃▄▄▅▅▆▆▇▇██▇▇▆▆▅▅▄▄▃▃▂▂
Releasing an app version ...
[2K[1A[2K[1A[2K[G▄▅▅▆▆▇▇██▇▇▆▆▅▅▄▄▃▃▂▂▁▁▁▁▂▂▃▃▄▄▅▅▆▆▇▇██▇▇▆▆▅▅▄▄▃▃▂▂▁▁▁▁▂▂▃▃▄▄▅▅▆▆▇▇██▇▇▆▆▅▅▄▄▃▃▂
Releasing an app version ...
[2K[1A[2K[1A[2K[G▄▄▅▅▆▆▇▇██▇▇▆▆▅▅▄▄▃▃▂▂▁▁▁▁▂▂▃▃▄▄▅▅▆▆▇▇██▇▇▆▆▅▅▄▄▃▃▂▂▁▁▁▁▂▂▃▃▄▄▅▅▆▆▇▇██▇▇▆▆▅▅▄▄▃▃
Releasing an app version ...
[2K[1A[2K[1A[2K[G▃▄▄▅▅▆▆▇▇██▇▇▆▆▅▅▄▄▃▃▂▂▁▁▁▁▂▂▃▃▄▄▅▅▆▆▇▇██▇▇▆▆▅▅▄▄▃▃▂▂▁▁▁▁▂▂▃▃▄▄▅▅▆▆▇▇██▇▇▆▆▅▅▄▄▃
Releasing an app version ...
[2K[1A[2K[1A[2K[G▃▃▄▄▅▅▆▆▇▇██▇▇▆▆▅▅▄▄▃▃▂▂▁▁▁▁▂▂▃▃▄▄▅▅▆▆▇▇██▇▇▆▆▅▅▄▄▃▃▂▂▁▁▁▁▂▂▃▃▄▄▅▅▆▆▇▇██▇▇▆▆▅▅▄▄
Releasing an app version ...
[2K[1A[2K[1A[2K[G▂▃▃▄▄▅▅▆▆▇▇██▇▇▆▆▅▅▄▄▃▃▂▂▁▁▁▁▂▂▃▃▄▄▅▅▆▆▇▇██▇▇▆▆▅▅▄▄▃▃▂▂▁▁▁▁▂▂▃▃▄▄▅▅▆▆▇▇██▇▇▆▆▅▅▄
Releasing an app version ...
[2K[1A[2K[1A[2K[G▂▂▃▃▄▄▅▅▆▆▇▇██▇▇▆▆▅▅▄▄▃▃▂▂▁▁▁▁▂▂▃▃▄▄▅▅▆▆▇▇██▇▇▆▆▅▅▄▄▃▃▂▂▁▁▁▁▂▂▃▃▄▄▅▅▆▆▇▇██▇▇▆▆▅▅
Releasing an app version ...
[2K[1A[2K[1A[2K[G▁▂▂▃▃▄▄▅▅▆▆▇▇██▇▇▆▆▅▅▄▄▃▃▂▂▁▁▁▁▂▂▃▃▄▄▅▅▆▆▇▇██▇▇▆▆▅▅▄▄▃▃▂▂▁▁▁▁▂▂▃▃▄▄▅▅▆▆▇▇██▇▇▆▆▅
Releasing an app version ...
[2K[1A[2K[1A[2K[G▁▁▂▂▃▃▄▄▅▅▆▆▇▇██▇▇▆▆▅▅▄▄▃▃▂▂▁▁▁▁▂▂▃▃▄▄▅▅▆▆▇▇██▇▇▆▆▅▅▄▄▃▃▂▂▁▁▁▁▂▂▃▃▄▄▅▅▆▆▇▇██▇▇▆▆
Releasing an app version ...
[2K[1A[2K[1A[2K[G▁▁▁▂▂▃▃▄▄▅▅▆▆▇▇██▇▇▆▆▅▅▄▄▃▃▂▂▁▁▁▁▂▂▃▃▄▄▅▅▆▆▇▇██▇▇▆▆▅▅▄▄▃▃▂▂▁▁▁▁▂▂▃▃▄▄▅▅▆▆▇▇██▇▇▆
Releasing an app version ...
[2K[1A[2K[1A[2K[G▁▁▁▁▂▂▃▃▄▄▅▅▆▆▇▇██▇▇▆▆▅▅▄▄▃▃▂▂▁▁▁▁▂▂▃▃▄▄▅▅▆▆▇▇██▇▇▆▆▅▅▄▄▃▃▂▂▁▁▁▁▂▂▃▃▄▄▅▅▆▆▇▇██▇▇
Releasing an app version ...
[2K[1A[2K[1A[2K[G▂▁▁▁▁▂▂▃▃▄▄▅▅▆▆▇▇██▇▇▆▆▅▅▄▄▃▃▂▂▁▁▁▁▂▂▃▃▄▄▅▅▆▆▇▇██▇▇▆▆▅▅▄▄▃▃▂▂▁▁▁▁▂▂▃▃▄▄▅▅▆▆▇▇██▇
Releasing an app version ...
[2K[1A[2K[1A[2K[G▂▂▁▁▁▁▂▂▃▃▄▄▅▅▆▆▇▇██▇▇▆▆▅▅▄▄▃▃▂▂▁▁▁▁▂▂▃▃▄▄▅▅▆▆▇▇██▇▇▆▆▅▅▄▄▃▃▂▂▁▁▁▁▂▂▃▃▄▄▅▅▆▆▇▇██
Releasing an app version ...
[2K[1A[2K[1A[2K[G▃▂▂▁▁▁▁▂▂▃▃▄▄▅▅▆▆▇▇██▇▇▆▆▅▅▄▄▃▃▂▂▁▁▁▁▂▂▃▃▄▄▅▅▆▆▇▇██▇▇▆▆▅▅▄▄▃▃▂▂▁▁▁▁▂▂▃▃▄▄▅▅▆▆▇▇█
Releasing an app version ...
[2K[1A[2K[1A[2K[G
╭─ success ────────────────────────────────────────────────────────────────────╮
│                                                                              │
│  New version released to users.                                              │
│                                                                              │
│  empowered-deal-app-47 [1]                                                   │
│                                                                              │
╰──────────────────────────────────────────────────────────────────────────────╯
[1] https://dev.shopify.com/dashboard/204179030/apps/318475206657/versions/84903
6804097

